#
# There is insufficient memory for the Java Runtime Environment to continue.
# Native memory allocation (malloc) failed to allocate 1725168 bytes for Chunk::new
# Possible reasons:
#   The system is out of physical RAM or swap space
#   The process is running with CompressedOops enabled, and the Java Heap may be blocking the growth of the native heap
# Possible solutions:
#   Reduce memory load on the system
#   Increase physical memory or swap space
#   Check if swap backing store is full
#   Decrease Java heap size (-Xmx/-Xms)
#   Decrease number of Java threads
#   Decrease Java thread stack sizes (-Xss)
#   Set larger code cache with -XX:ReservedCodeCacheSize=
#   JVM is running with Unscaled Compressed Oops mode in which the Java heap is
#     placed in the first 4GB address space. The Java Heap base address is the
#     maximum limit for the native heap growth. Please use -XX:HeapBaseMinAddress
#     to set the Java Heap base and to place the Java Heap above 4GB virtual address.
# This output file may be truncated or incomplete.
#
#  Out of Memory Error (arena.cpp:191), pid=9068, tid=4544
#
# JRE version: OpenJDK Runtime Environment (17.0.10) (build 17.0.10+0--11572160)
# Java VM: OpenJDK 64-Bit Server VM (17.0.10+0--11572160, mixed mode, tiered, compressed oops, compressed class ptrs, g1 gc, windows-amd64)
# No core dump will be written. Minidumps are not enabled by default on client versions of Windows
#

---------------  S U M M A R Y ------------

Command Line: org.jetbrains.kotlin.cli.jvm.K2JVMCompiler @C:\Users\bijub\AndroidStudioProjects\StudentTrackingApp\app\build\20240824_5650141535595502022.compiler.options

Host: AMD Ryzen 3 3250U with Radeon Graphics         , 4 cores, 5G,  Windows 11 , 64 bit Build 22621 (10.0.22621.3958)
Time: Sat Aug 24 14:54:47 2024 India Standard Time elapsed time: 9.322097 seconds (0d 0h 0m 9s)

---------------  T H R E A D  ---------------

Current thread (0x0000028235df9530):  JavaThread "C2 CompilerThread1" daemon [_thread_in_native, id=4544, stack(0x000000e173400000,0x000000e173500000)]


Current CompileTask:
C2:   9322 5843       4       org.jetbrains.kotlin.resolve.OverrideResolver$Companion::collectOverriddenDeclarations (105 bytes)

Stack: [0x000000e173400000,0x000000e173500000]
Native frames: (J=compiled Java code, j=interpreted, Vv=VM code, C=native code)
V  [jvm.dll+0x688e89]
V  [jvm.dll+0x84247a]
V  [jvm.dll+0x8440be]
V  [jvm.dll+0x844723]
V  [jvm.dll+0x24be0f]
V  [jvm.dll+0xac524]
V  [jvm.dll+0xacb6c]
V  [jvm.dll+0x36bd67]
V  [jvm.dll+0x33615a]
V  [jvm.dll+0x3355fa]
V  [jvm.dll+0x21daa1]
V  [jvm.dll+0x21cec1]
V  [jvm.dll+0x1a60ad]
V  [jvm.dll+0x22cd78]
V  [jvm.dll+0x22aeb0]
V  [jvm.dll+0x7f6917]
V  [jvm.dll+0x7f0d1a]
V  [jvm.dll+0x687d05]
C  [ucrtbase.dll+0x29333]
C  [KERNEL32.DLL+0x1257d]
C  [ntdll.dll+0x5af28]


---------------  P R O C E S S  ---------------

Threads class SMR info:
_java_thread_list=0x0000028235cd80f0, length=13, elements={
0x00000282166a91d0, 0x000002822e8e2600, 0x000002822e8e3480, 0x000002822e8fcf90,
0x000002822e8fdd10, 0x000002822e8fe6d0, 0x000002822e941890, 0x000002822e942580,
0x000002822eba87e0, 0x000002822ebbaf90, 0x000002822ed048b0, 0x000002822ed191c0,
0x0000028235df9530
}

Java Threads: ( => current thread )
  0x00000282166a91d0 JavaThread "main" [_thread_in_vm, id=1264, stack(0x000000e171f00000,0x000000e172000000)]
  0x000002822e8e2600 JavaThread "Reference Handler" daemon [_thread_blocked, id=9572, stack(0x000000e172700000,0x000000e172800000)]
  0x000002822e8e3480 JavaThread "Finalizer" daemon [_thread_blocked, id=1808, stack(0x000000e172800000,0x000000e172900000)]
  0x000002822e8fcf90 JavaThread "Signal Dispatcher" daemon [_thread_blocked, id=1140, stack(0x000000e172900000,0x000000e172a00000)]
  0x000002822e8fdd10 JavaThread "Attach Listener" daemon [_thread_blocked, id=10412, stack(0x000000e172a00000,0x000000e172b00000)]
  0x000002822e8fe6d0 JavaThread "Service Thread" daemon [_thread_blocked, id=10204, stack(0x000000e172b00000,0x000000e172c00000)]
  0x000002822e941890 JavaThread "Monitor Deflation Thread" daemon [_thread_blocked, id=11428, stack(0x000000e172c00000,0x000000e172d00000)]
  0x000002822e942580 JavaThread "C2 CompilerThread0" daemon [_thread_in_native, id=10672, stack(0x000000e172d00000,0x000000e172e00000)]
  0x000002822eba87e0 JavaThread "C1 CompilerThread0" daemon [_thread_blocked, id=5844, stack(0x000000e172e00000,0x000000e172f00000)]
  0x000002822ebbaf90 JavaThread "Sweeper thread" daemon [_thread_blocked, id=8120, stack(0x000000e172f00000,0x000000e173000000)]
  0x000002822ed048b0 JavaThread "Notification Thread" daemon [_thread_blocked, id=11644, stack(0x000000e173000000,0x000000e173100000)]
  0x000002822ed191c0 JavaThread "Common-Cleaner" daemon [_thread_blocked, id=11480, stack(0x000000e173200000,0x000000e173300000)]
=>0x0000028235df9530 JavaThread "C2 CompilerThread1" daemon [_thread_in_native, id=4544, stack(0x000000e173400000,0x000000e173500000)]

Other Threads:
  0x000002822e8dc070 VMThread "VM Thread" [stack: 0x000000e172600000,0x000000e172700000] [id=5480]
  0x000002822ed04d90 WatcherThread [stack: 0x000000e173100000,0x000000e173200000] [id=8652]
  0x00000282166f5f00 GCTaskThread "GC Thread#0" [stack: 0x000000e172100000,0x000000e172200000] [id=7516]
  0x0000028233189800 GCTaskThread "GC Thread#1" [stack: 0x000000e173500000,0x000000e173600000] [id=8420]
  0x00000282331aebe0 GCTaskThread "GC Thread#2" [stack: 0x000000e173600000,0x000000e173700000] [id=9668]
  0x00000282331aeea0 GCTaskThread "GC Thread#3" [stack: 0x000000e173700000,0x000000e173800000] [id=4560]
  0x0000028216702c90 ConcurrentGCThread "G1 Main Marker" [stack: 0x000000e172200000,0x000000e172300000] [id=7012]
  0x00000282167036b0 ConcurrentGCThread "G1 Conc#0" [stack: 0x000000e172300000,0x000000e172400000] [id=7020]
  0x000002822e760090 ConcurrentGCThread "G1 Refine#0" [stack: 0x000000e172400000,0x000000e172500000] [id=9960]
  0x0000028233067300 ConcurrentGCThread "G1 Refine#1" [stack: 0x000000e173800000,0x000000e173900000] [id=1144]
  0x000002822e760ac0 ConcurrentGCThread "G1 Service" [stack: 0x000000e172500000,0x000000e172600000] [id=11356]

Threads with active compile tasks:
C2 CompilerThread0     9345 5847       4       org.jetbrains.kotlin.resolve.OverrideResolver$Companion::checkMissingOverridesByJava8Restrictions (347 bytes)
C2 CompilerThread1     9345 5843       4       org.jetbrains.kotlin.resolve.OverrideResolver$Companion::collectOverriddenDeclarations (105 bytes)

VM state: not at safepoint (normal execution)

VM Mutex/Monitor currently owned by a thread: None

Heap address: 0x00000000a0e00000, size: 1522 MB, Compressed Oops mode: 32-bit

CDS archive(s) not mapped
Compressed class space mapped at: 0x0000000100000000-0x0000000140000000, reserved size: 1073741824
Narrow klass base: 0x0000000000000000, Narrow klass shift: 3, Narrow klass range: 0x140000000

GC Precious Log:
 CPUs: 4 total, 4 available
 Memory: 6086M
 Large Page Support: Disabled
 NUMA Support: Disabled
 Compressed Oops: Enabled (32-bit)
 Heap Region Size: 1M
 Heap Min Capacity: 8M
 Heap Initial Capacity: 96M
 Heap Max Capacity: 1522M
 Pre-touch: Disabled
 Parallel Workers: 4
 Concurrent Workers: 1
 Concurrent Refinement Workers: 4
 Periodic GC: Disabled

Heap:
 garbage-first heap   total 176128K, used 55193K [0x00000000a0e00000, 0x0000000100000000)
  region size 1024K, 13 young (13312K), 1 survivors (1024K)
 Metaspace       used 55288K, committed 55488K, reserved 1114112K
  class space    used 6519K, committed 6592K, reserved 1048576K

Heap Regions: E=young(eden), S=young(survivor), O=old, HS=humongous(starts), HC=humongous(continues), CS=collection set, F=free, OA=open archive, CA=closed archive, TAMS=top-at-mark-start (previous, next)
|   0|0x00000000a0e00000, 0x00000000a0f00000, 0x00000000a0f00000|100%|HS|  |TAMS 0x00000000a0f00000, 0x00000000a0f00000| Complete 
|   1|0x00000000a0f00000, 0x00000000a1000000, 0x00000000a1000000|100%|HC|  |TAMS 0x00000000a1000000, 0x00000000a1000000| Complete 
|   2|0x00000000a1000000, 0x00000000a1100000, 0x00000000a1100000|100%|HC|  |TAMS 0x00000000a1100000, 0x00000000a1100000| Complete 
|   3|0x00000000a1100000, 0x00000000a1200000, 0x00000000a1200000|100%|HC|  |TAMS 0x00000000a1200000, 0x00000000a1200000| Complete 
|   4|0x00000000a1200000, 0x00000000a1300000, 0x00000000a1300000|100%| O|  |TAMS 0x00000000a1300000, 0x00000000a1300000| Untracked 
|   5|0x00000000a1300000, 0x00000000a13ef200, 0x00000000a1400000| 93%| O|  |TAMS 0x00000000a13ef200, 0x00000000a13ef200| Untracked 
|   6|0x00000000a1400000, 0x00000000a1500000, 0x00000000a1500000|100%| O|  |TAMS 0x00000000a1400000, 0x00000000a1500000| Untracked 
|   7|0x00000000a1500000, 0x00000000a1600000, 0x00000000a1600000|100%| O|  |TAMS 0x00000000a1500000, 0x00000000a1600000| Untracked 
|   8|0x00000000a1600000, 0x00000000a1700000, 0x00000000a1700000|100%| O|  |TAMS 0x00000000a1700000, 0x00000000a1700000| Untracked 
|   9|0x00000000a1700000, 0x00000000a1800000, 0x00000000a1800000|100%| O|  |TAMS 0x00000000a1800000, 0x00000000a1800000| Untracked 
|  10|0x00000000a1800000, 0x00000000a1900000, 0x00000000a1900000|100%| O|  |TAMS 0x00000000a1871000, 0x00000000a1900000| Untracked 
|  11|0x00000000a1900000, 0x00000000a1a00000, 0x00000000a1a00000|100%| O|  |TAMS 0x00000000a1900000, 0x00000000a1a00000| Untracked 
|  12|0x00000000a1a00000, 0x00000000a1b00000, 0x00000000a1b00000|100%| O|  |TAMS 0x00000000a1a00000, 0x00000000a1b00000| Untracked 
|  13|0x00000000a1b00000, 0x00000000a1c00000, 0x00000000a1c00000|100%| O|  |TAMS 0x00000000a1c00000, 0x00000000a1c00000| Untracked 
|  14|0x00000000a1c00000, 0x00000000a1d00000, 0x00000000a1d00000|100%| O|  |TAMS 0x00000000a1d00000, 0x00000000a1d00000| Untracked 
|  15|0x00000000a1d00000, 0x00000000a1e00000, 0x00000000a1e00000|100%| O|  |TAMS 0x00000000a1d00000, 0x00000000a1e00000| Untracked 
|  16|0x00000000a1e00000, 0x00000000a1f00000, 0x00000000a1f00000|100%| O|  |TAMS 0x00000000a1f00000, 0x00000000a1f00000| Untracked 
|  17|0x00000000a1f00000, 0x00000000a2000000, 0x00000000a2000000|100%| O|  |TAMS 0x00000000a2000000, 0x00000000a2000000| Untracked 
|  18|0x00000000a2000000, 0x00000000a2100000, 0x00000000a2100000|100%|HS|  |TAMS 0x00000000a2000000, 0x00000000a2100000| Complete 
|  19|0x00000000a2100000, 0x00000000a2200000, 0x00000000a2200000|100%|HC|  |TAMS 0x00000000a2100000, 0x00000000a2200000| Complete 
|  20|0x00000000a2200000, 0x00000000a2300000, 0x00000000a2300000|100%| O|  |TAMS 0x00000000a2200000, 0x00000000a22eac00| Untracked 
|  21|0x00000000a2300000, 0x00000000a2400000, 0x00000000a2400000|100%| O|  |TAMS 0x00000000a2300000, 0x00000000a2300000| Untracked 
|  22|0x00000000a2400000, 0x00000000a2500000, 0x00000000a2500000|100%| O|  |TAMS 0x00000000a2400000, 0x00000000a2400000| Untracked 
|  23|0x00000000a2500000, 0x00000000a2600000, 0x00000000a2600000|100%| O|  |TAMS 0x00000000a2500000, 0x00000000a2500000| Untracked 
|  24|0x00000000a2600000, 0x00000000a2700000, 0x00000000a2700000|100%| O|  |TAMS 0x00000000a2600000, 0x00000000a2600000| Untracked 
|  25|0x00000000a2700000, 0x00000000a2800000, 0x00000000a2800000|100%| O|  |TAMS 0x00000000a2700000, 0x00000000a2700000| Untracked 
|  26|0x00000000a2800000, 0x00000000a2900000, 0x00000000a2900000|100%| O|  |TAMS 0x00000000a2800000, 0x00000000a2800000| Untracked 
|  27|0x00000000a2900000, 0x00000000a2a00000, 0x00000000a2a00000|100%| O|  |TAMS 0x00000000a2900000, 0x00000000a2900000| Untracked 
|  28|0x00000000a2a00000, 0x00000000a2b00000, 0x00000000a2b00000|100%| O|  |TAMS 0x00000000a2a00000, 0x00000000a2a00000| Untracked 
|  29|0x00000000a2b00000, 0x00000000a2c00000, 0x00000000a2c00000|100%| O|  |TAMS 0x00000000a2b00000, 0x00000000a2b00000| Untracked 
|  30|0x00000000a2c00000, 0x00000000a2d00000, 0x00000000a2d00000|100%| O|  |TAMS 0x00000000a2c00000, 0x00000000a2c00000| Untracked 
|  31|0x00000000a2d00000, 0x00000000a2e00000, 0x00000000a2e00000|100%| O|  |TAMS 0x00000000a2d00000, 0x00000000a2d00000| Untracked 
|  32|0x00000000a2e00000, 0x00000000a2f00000, 0x00000000a2f00000|100%| O|  |TAMS 0x00000000a2e00000, 0x00000000a2e00000| Untracked 
|  33|0x00000000a2f00000, 0x00000000a3000000, 0x00000000a3000000|100%| O|  |TAMS 0x00000000a2f00000, 0x00000000a2f00000| Untracked 
|  34|0x00000000a3000000, 0x00000000a3100000, 0x00000000a3100000|100%| O|  |TAMS 0x00000000a3000000, 0x00000000a3000000| Untracked 
|  35|0x00000000a3100000, 0x00000000a3200000, 0x00000000a3200000|100%| O|  |TAMS 0x00000000a3100000, 0x00000000a3100000| Untracked 
|  36|0x00000000a3200000, 0x00000000a3300000, 0x00000000a3300000|100%| O|  |TAMS 0x00000000a3200000, 0x00000000a3200000| Untracked 
|  37|0x00000000a3300000, 0x00000000a3400000, 0x00000000a3400000|100%| O|  |TAMS 0x00000000a3300000, 0x00000000a3300000| Untracked 
|  38|0x00000000a3400000, 0x00000000a3500000, 0x00000000a3500000|100%| O|  |TAMS 0x00000000a3400000, 0x00000000a3400000| Untracked 
|  39|0x00000000a3500000, 0x00000000a3600000, 0x00000000a3600000|100%| O|  |TAMS 0x00000000a3500000, 0x00000000a3500000| Untracked 
|  40|0x00000000a3600000, 0x00000000a3600000, 0x00000000a3700000|  0%| F|  |TAMS 0x00000000a3600000, 0x00000000a3600000| Untracked 
|  41|0x00000000a3700000, 0x00000000a3700000, 0x00000000a3800000|  0%| F|  |TAMS 0x00000000a3700000, 0x00000000a3700000| Untracked 
|  42|0x00000000a3800000, 0x00000000a3800000, 0x00000000a3900000|  0%| F|  |TAMS 0x00000000a3800000, 0x00000000a3800000| Untracked 
|  43|0x00000000a3900000, 0x00000000a3900000, 0x00000000a3a00000|  0%| F|  |TAMS 0x00000000a3900000, 0x00000000a3900000| Untracked 
|  44|0x00000000a3a00000, 0x00000000a3a00000, 0x00000000a3b00000|  0%| F|  |TAMS 0x00000000a3a00000, 0x00000000a3a00000| Untracked 
|  45|0x00000000a3b00000, 0x00000000a3b00000, 0x00000000a3c00000|  0%| F|  |TAMS 0x00000000a3b00000, 0x00000000a3b00000| Untracked 
|  46|0x00000000a3c00000, 0x00000000a3c00000, 0x00000000a3d00000|  0%| F|  |TAMS 0x00000000a3c00000, 0x00000000a3c00000| Untracked 
|  47|0x00000000a3d00000, 0x00000000a3d00000, 0x00000000a3e00000|  0%| F|  |TAMS 0x00000000a3d00000, 0x00000000a3d00000| Untracked 
|  48|0x00000000a3e00000, 0x00000000a3e00000, 0x00000000a3f00000|  0%| F|  |TAMS 0x00000000a3e00000, 0x00000000a3e00000| Untracked 
|  49|0x00000000a3f00000, 0x00000000a3f00000, 0x00000000a4000000|  0%| F|  |TAMS 0x00000000a3f00000, 0x00000000a3f00000| Untracked 
|  50|0x00000000a4000000, 0x00000000a4000000, 0x00000000a4100000|  0%| F|  |TAMS 0x00000000a4000000, 0x00000000a4000000| Untracked 
|  51|0x00000000a4100000, 0x00000000a4100000, 0x00000000a4200000|  0%| F|  |TAMS 0x00000000a4100000, 0x00000000a4100000| Untracked 
|  52|0x00000000a4200000, 0x00000000a4200000, 0x00000000a4300000|  0%| F|  |TAMS 0x00000000a4200000, 0x00000000a4200000| Untracked 
|  53|0x00000000a4300000, 0x00000000a4300000, 0x00000000a4400000|  0%| F|  |TAMS 0x00000000a4300000, 0x00000000a4300000| Untracked 
|  54|0x00000000a4400000, 0x00000000a4400000, 0x00000000a4500000|  0%| F|  |TAMS 0x00000000a4400000, 0x00000000a4400000| Untracked 
|  55|0x00000000a4500000, 0x00000000a4500000, 0x00000000a4600000|  0%| F|  |TAMS 0x00000000a4500000, 0x00000000a4500000| Untracked 
|  56|0x00000000a4600000, 0x00000000a4600000, 0x00000000a4700000|  0%| F|  |TAMS 0x00000000a4600000, 0x00000000a4600000| Untracked 
|  57|0x00000000a4700000, 0x00000000a4700000, 0x00000000a4800000|  0%| F|  |TAMS 0x00000000a4700000, 0x00000000a4700000| Untracked 
|  58|0x00000000a4800000, 0x00000000a4800000, 0x00000000a4900000|  0%| F|  |TAMS 0x00000000a4800000, 0x00000000a4800000| Untracked 
|  59|0x00000000a4900000, 0x00000000a4900000, 0x00000000a4a00000|  0%| F|  |TAMS 0x00000000a4900000, 0x00000000a4900000| Untracked 
|  60|0x00000000a4a00000, 0x00000000a4a00000, 0x00000000a4b00000|  0%| F|  |TAMS 0x00000000a4a00000, 0x00000000a4a00000| Untracked 
|  61|0x00000000a4b00000, 0x00000000a4bf7540, 0x00000000a4c00000| 96%| S|CS|TAMS 0x00000000a4b00000, 0x00000000a4b00000| Complete 
|  62|0x00000000a4c00000, 0x00000000a4c00000, 0x00000000a4d00000|  0%| F|  |TAMS 0x00000000a4c00000, 0x00000000a4c00000| Untracked 
|  63|0x00000000a4d00000, 0x00000000a4d00000, 0x00000000a4e00000|  0%| F|  |TAMS 0x00000000a4d00000, 0x00000000a4d00000| Untracked 
|  64|0x00000000a4e00000, 0x00000000a4e00000, 0x00000000a4f00000|  0%| F|  |TAMS 0x00000000a4e00000, 0x00000000a4e00000| Untracked 
|  65|0x00000000a4f00000, 0x00000000a4f00000, 0x00000000a5000000|  0%| F|  |TAMS 0x00000000a4f00000, 0x00000000a4f00000| Untracked 
|  66|0x00000000a5000000, 0x00000000a5000000, 0x00000000a5100000|  0%| F|  |TAMS 0x00000000a5000000, 0x00000000a5000000| Untracked 
|  67|0x00000000a5100000, 0x00000000a5100000, 0x00000000a5200000|  0%| F|  |TAMS 0x00000000a5100000, 0x00000000a5100000| Untracked 
|  68|0x00000000a5200000, 0x00000000a5200000, 0x00000000a5300000|  0%| F|  |TAMS 0x00000000a5200000, 0x00000000a5200000| Untracked 
|  69|0x00000000a5300000, 0x00000000a5300000, 0x00000000a5400000|  0%| F|  |TAMS 0x00000000a5300000, 0x00000000a5300000| Untracked 
|  70|0x00000000a5400000, 0x00000000a5400000, 0x00000000a5500000|  0%| F|  |TAMS 0x00000000a5400000, 0x00000000a5400000| Untracked 
|  71|0x00000000a5500000, 0x00000000a5500000, 0x00000000a5600000|  0%| F|  |TAMS 0x00000000a5500000, 0x00000000a5500000| Untracked 
|  72|0x00000000a5600000, 0x00000000a5600000, 0x00000000a5700000|  0%| F|  |TAMS 0x00000000a5600000, 0x00000000a5600000| Untracked 
|  73|0x00000000a5700000, 0x00000000a5700000, 0x00000000a5800000|  0%| F|  |TAMS 0x00000000a5700000, 0x00000000a5700000| Untracked 
|  74|0x00000000a5800000, 0x00000000a5800000, 0x00000000a5900000|  0%| F|  |TAMS 0x00000000a5800000, 0x00000000a5800000| Untracked 
|  75|0x00000000a5900000, 0x00000000a5900000, 0x00000000a5a00000|  0%| F|  |TAMS 0x00000000a5900000, 0x00000000a5900000| Untracked 
|  76|0x00000000a5a00000, 0x00000000a5a00000, 0x00000000a5b00000|  0%| F|  |TAMS 0x00000000a5a00000, 0x00000000a5a00000| Untracked 
|  77|0x00000000a5b00000, 0x00000000a5b00000, 0x00000000a5c00000|  0%| F|  |TAMS 0x00000000a5b00000, 0x00000000a5b00000| Untracked 
|  78|0x00000000a5c00000, 0x00000000a5c00000, 0x00000000a5d00000|  0%| F|  |TAMS 0x00000000a5c00000, 0x00000000a5c00000| Untracked 
|  79|0x00000000a5d00000, 0x00000000a5d00000, 0x00000000a5e00000|  0%| F|  |TAMS 0x00000000a5d00000, 0x00000000a5d00000| Untracked 
|  80|0x00000000a5e00000, 0x00000000a5e00000, 0x00000000a5f00000|  0%| F|  |TAMS 0x00000000a5e00000, 0x00000000a5e00000| Untracked 
|  81|0x00000000a5f00000, 0x00000000a5f00000, 0x00000000a6000000|  0%| F|  |TAMS 0x00000000a5f00000, 0x00000000a5f00000| Untracked 
|  82|0x00000000a6000000, 0x00000000a6000000, 0x00000000a6100000|  0%| F|  |TAMS 0x00000000a6000000, 0x00000000a6000000| Untracked 
|  83|0x00000000a6100000, 0x00000000a6100000, 0x00000000a6200000|  0%| F|  |TAMS 0x00000000a6100000, 0x00000000a6100000| Untracked 
|  84|0x00000000a6200000, 0x00000000a6200000, 0x00000000a6300000|  0%| F|  |TAMS 0x00000000a6200000, 0x00000000a6200000| Untracked 
|  85|0x00000000a6300000, 0x00000000a6300000, 0x00000000a6400000|  0%| F|  |TAMS 0x00000000a6300000, 0x00000000a6300000| Untracked 
|  86|0x00000000a6400000, 0x00000000a6400000, 0x00000000a6500000|  0%| F|  |TAMS 0x00000000a6400000, 0x00000000a6400000| Untracked 
|  87|0x00000000a6500000, 0x00000000a6500000, 0x00000000a6600000|  0%| F|  |TAMS 0x00000000a6500000, 0x00000000a6500000| Untracked 
|  88|0x00000000a6600000, 0x00000000a6600000, 0x00000000a6700000|  0%| F|  |TAMS 0x00000000a6600000, 0x00000000a6600000| Untracked 
|  89|0x00000000a6700000, 0x00000000a6700000, 0x00000000a6800000|  0%| F|  |TAMS 0x00000000a6700000, 0x00000000a6700000| Untracked 
|  90|0x00000000a6800000, 0x00000000a6800000, 0x00000000a6900000|  0%| F|  |TAMS 0x00000000a6800000, 0x00000000a6800000| Untracked 
|  91|0x00000000a6900000, 0x00000000a6900000, 0x00000000a6a00000|  0%| F|  |TAMS 0x00000000a6900000, 0x00000000a6900000| Untracked 
|  92|0x00000000a6a00000, 0x00000000a6a00000, 0x00000000a6b00000|  0%| F|  |TAMS 0x00000000a6a00000, 0x00000000a6a00000| Untracked 
|  93|0x00000000a6b00000, 0x00000000a6b00000, 0x00000000a6c00000|  0%| F|  |TAMS 0x00000000a6b00000, 0x00000000a6b00000| Untracked 
|  94|0x00000000a6c00000, 0x00000000a6c00000, 0x00000000a6d00000|  0%| F|  |TAMS 0x00000000a6c00000, 0x00000000a6c00000| Untracked 
|  95|0x00000000a6d00000, 0x00000000a6d00000, 0x00000000a6e00000|  0%| F|  |TAMS 0x00000000a6d00000, 0x00000000a6d00000| Untracked 
|  96|0x00000000a6e00000, 0x00000000a6e00000, 0x00000000a6f00000|  0%| F|  |TAMS 0x00000000a6e00000, 0x00000000a6e00000| Untracked 
|  97|0x00000000a6f00000, 0x00000000a6f00000, 0x00000000a7000000|  0%| F|  |TAMS 0x00000000a6f00000, 0x00000000a6f00000| Untracked 
|  98|0x00000000a7000000, 0x00000000a7000000, 0x00000000a7100000|  0%| F|  |TAMS 0x00000000a7000000, 0x00000000a7000000| Untracked 
|  99|0x00000000a7100000, 0x00000000a7100000, 0x00000000a7200000|  0%| F|  |TAMS 0x00000000a7100000, 0x00000000a7100000| Untracked 
| 100|0x00000000a7200000, 0x00000000a7200000, 0x00000000a7300000|  0%| F|  |TAMS 0x00000000a7200000, 0x00000000a7200000| Untracked 
| 101|0x00000000a7300000, 0x00000000a7300000, 0x00000000a7400000|  0%| F|  |TAMS 0x00000000a7300000, 0x00000000a7300000| Untracked 
| 102|0x00000000a7400000, 0x00000000a7400000, 0x00000000a7500000|  0%| F|  |TAMS 0x00000000a7400000, 0x00000000a7400000| Untracked 
| 103|0x00000000a7500000, 0x00000000a7500000, 0x00000000a7600000|  0%| F|  |TAMS 0x00000000a7500000, 0x00000000a7500000| Untracked 
| 104|0x00000000a7600000, 0x00000000a7600000, 0x00000000a7700000|  0%| F|  |TAMS 0x00000000a7600000, 0x00000000a7600000| Untracked 
| 105|0x00000000a7700000, 0x00000000a7700000, 0x00000000a7800000|  0%| F|  |TAMS 0x00000000a7700000, 0x00000000a7700000| Untracked 
| 106|0x00000000a7800000, 0x00000000a7800000, 0x00000000a7900000|  0%| F|  |TAMS 0x00000000a7800000, 0x00000000a7800000| Untracked 
| 107|0x00000000a7900000, 0x00000000a7900000, 0x00000000a7a00000|  0%| F|  |TAMS 0x00000000a7900000, 0x00000000a7900000| Untracked 
| 108|0x00000000a7a00000, 0x00000000a7a00000, 0x00000000a7b00000|  0%| F|  |TAMS 0x00000000a7a00000, 0x00000000a7a00000| Untracked 
| 109|0x00000000a7b00000, 0x00000000a7b00000, 0x00000000a7c00000|  0%| F|  |TAMS 0x00000000a7b00000, 0x00000000a7b00000| Untracked 
| 110|0x00000000a7c00000, 0x00000000a7c00000, 0x00000000a7d00000|  0%| F|  |TAMS 0x00000000a7c00000, 0x00000000a7c00000| Untracked 
| 111|0x00000000a7d00000, 0x00000000a7d00000, 0x00000000a7e00000|  0%| F|  |TAMS 0x00000000a7d00000, 0x00000000a7d00000| Untracked 
| 112|0x00000000a7e00000, 0x00000000a7e00000, 0x00000000a7f00000|  0%| F|  |TAMS 0x00000000a7e00000, 0x00000000a7e00000| Untracked 
| 113|0x00000000a7f00000, 0x00000000a7f00000, 0x00000000a8000000|  0%| F|  |TAMS 0x00000000a7f00000, 0x00000000a7f00000| Untracked 
| 114|0x00000000a8000000, 0x00000000a8000000, 0x00000000a8100000|  0%| F|  |TAMS 0x00000000a8000000, 0x00000000a8000000| Untracked 
| 115|0x00000000a8100000, 0x00000000a8100000, 0x00000000a8200000|  0%| F|  |TAMS 0x00000000a8100000, 0x00000000a8100000| Untracked 
| 116|0x00000000a8200000, 0x00000000a8200000, 0x00000000a8300000|  0%| F|  |TAMS 0x00000000a8200000, 0x00000000a8200000| Untracked 
| 117|0x00000000a8300000, 0x00000000a8300000, 0x00000000a8400000|  0%| F|  |TAMS 0x00000000a8300000, 0x00000000a8300000| Untracked 
| 118|0x00000000a8400000, 0x00000000a8400000, 0x00000000a8500000|  0%| F|  |TAMS 0x00000000a8400000, 0x00000000a8400000| Untracked 
| 119|0x00000000a8500000, 0x00000000a8500000, 0x00000000a8600000|  0%| F|  |TAMS 0x00000000a8500000, 0x00000000a8500000| Untracked 
| 120|0x00000000a8600000, 0x00000000a8600000, 0x00000000a8700000|  0%| F|  |TAMS 0x00000000a8600000, 0x00000000a8600000| Untracked 
| 121|0x00000000a8700000, 0x00000000a8700000, 0x00000000a8800000|  0%| F|  |TAMS 0x00000000a8700000, 0x00000000a8700000| Untracked 
| 122|0x00000000a8800000, 0x00000000a8800000, 0x00000000a8900000|  0%| F|  |TAMS 0x00000000a8800000, 0x00000000a8800000| Untracked 
| 123|0x00000000a8900000, 0x00000000a8900000, 0x00000000a8a00000|  0%| F|  |TAMS 0x00000000a8900000, 0x00000000a8900000| Untracked 
| 124|0x00000000a8a00000, 0x00000000a8a00000, 0x00000000a8b00000|  0%| F|  |TAMS 0x00000000a8a00000, 0x00000000a8a00000| Untracked 
| 125|0x00000000a8b00000, 0x00000000a8b00000, 0x00000000a8c00000|  0%| F|  |TAMS 0x00000000a8b00000, 0x00000000a8b00000| Untracked 
| 126|0x00000000a8c00000, 0x00000000a8c00000, 0x00000000a8d00000|  0%| F|  |TAMS 0x00000000a8c00000, 0x00000000a8c00000| Untracked 
| 127|0x00000000a8d00000, 0x00000000a8d00000, 0x00000000a8e00000|  0%| F|  |TAMS 0x00000000a8d00000, 0x00000000a8d00000| Untracked 
| 128|0x00000000a8e00000, 0x00000000a8e00000, 0x00000000a8f00000|  0%| F|  |TAMS 0x00000000a8e00000, 0x00000000a8e00000| Untracked 
| 129|0x00000000a8f00000, 0x00000000a8f00000, 0x00000000a9000000|  0%| F|  |TAMS 0x00000000a8f00000, 0x00000000a8f00000| Untracked 
| 130|0x00000000a9000000, 0x00000000a9000000, 0x00000000a9100000|  0%| F|  |TAMS 0x00000000a9000000, 0x00000000a9000000| Untracked 
| 131|0x00000000a9100000, 0x00000000a9100000, 0x00000000a9200000|  0%| F|  |TAMS 0x00000000a9100000, 0x00000000a9100000| Untracked 
| 132|0x00000000a9200000, 0x00000000a9200000, 0x00000000a9300000|  0%| F|  |TAMS 0x00000000a9200000, 0x00000000a9200000| Untracked 
| 133|0x00000000a9300000, 0x00000000a9300000, 0x00000000a9400000|  0%| F|  |TAMS 0x00000000a9300000, 0x00000000a9300000| Untracked 
| 134|0x00000000a9400000, 0x00000000a9400000, 0x00000000a9500000|  0%| F|  |TAMS 0x00000000a9400000, 0x00000000a9400000| Untracked 
| 135|0x00000000a9500000, 0x00000000a9500000, 0x00000000a9600000|  0%| F|  |TAMS 0x00000000a9500000, 0x00000000a9500000| Untracked 
| 136|0x00000000a9600000, 0x00000000a9600000, 0x00000000a9700000|  0%| F|  |TAMS 0x00000000a9600000, 0x00000000a9600000| Untracked 
| 137|0x00000000a9700000, 0x00000000a9700000, 0x00000000a9800000|  0%| F|  |TAMS 0x00000000a9700000, 0x00000000a9700000| Untracked 
| 138|0x00000000a9800000, 0x00000000a9800000, 0x00000000a9900000|  0%| F|  |TAMS 0x00000000a9800000, 0x00000000a9800000| Untracked 
| 139|0x00000000a9900000, 0x00000000a9900000, 0x00000000a9a00000|  0%| F|  |TAMS 0x00000000a9900000, 0x00000000a9900000| Untracked 
| 140|0x00000000a9a00000, 0x00000000a9a00000, 0x00000000a9b00000|  0%| F|  |TAMS 0x00000000a9a00000, 0x00000000a9a00000| Untracked 
| 141|0x00000000a9b00000, 0x00000000a9b00000, 0x00000000a9c00000|  0%| F|  |TAMS 0x00000000a9b00000, 0x00000000a9b00000| Untracked 
| 142|0x00000000a9c00000, 0x00000000a9c00000, 0x00000000a9d00000|  0%| F|  |TAMS 0x00000000a9c00000, 0x00000000a9c00000| Untracked 
| 143|0x00000000a9d00000, 0x00000000a9d00000, 0x00000000a9e00000|  0%| F|  |TAMS 0x00000000a9d00000, 0x00000000a9d00000| Untracked 
| 144|0x00000000a9e00000, 0x00000000a9e00000, 0x00000000a9f00000|  0%| F|  |TAMS 0x00000000a9e00000, 0x00000000a9e00000| Untracked 
| 145|0x00000000a9f00000, 0x00000000a9f00000, 0x00000000aa000000|  0%| F|  |TAMS 0x00000000a9f00000, 0x00000000a9f00000| Untracked 
| 146|0x00000000aa000000, 0x00000000aa000000, 0x00000000aa100000|  0%| F|  |TAMS 0x00000000aa000000, 0x00000000aa000000| Untracked 
| 147|0x00000000aa100000, 0x00000000aa100000, 0x00000000aa200000|  0%| F|  |TAMS 0x00000000aa100000, 0x00000000aa100000| Untracked 
| 148|0x00000000aa200000, 0x00000000aa200000, 0x00000000aa300000|  0%| F|  |TAMS 0x00000000aa200000, 0x00000000aa200000| Untracked 
| 149|0x00000000aa300000, 0x00000000aa300000, 0x00000000aa400000|  0%| F|  |TAMS 0x00000000aa300000, 0x00000000aa300000| Untracked 
| 150|0x00000000aa400000, 0x00000000aa400000, 0x00000000aa500000|  0%| F|  |TAMS 0x00000000aa400000, 0x00000000aa400000| Untracked 
| 151|0x00000000aa500000, 0x00000000aa500000, 0x00000000aa600000|  0%| F|  |TAMS 0x00000000aa500000, 0x00000000aa500000| Untracked 
| 152|0x00000000aa600000, 0x00000000aa600000, 0x00000000aa700000|  0%| F|  |TAMS 0x00000000aa600000, 0x00000000aa600000| Untracked 
| 153|0x00000000aa700000, 0x00000000aa700000, 0x00000000aa800000|  0%| F|  |TAMS 0x00000000aa700000, 0x00000000aa700000| Untracked 
| 154|0x00000000aa800000, 0x00000000aa800000, 0x00000000aa900000|  0%| F|  |TAMS 0x00000000aa800000, 0x00000000aa800000| Untracked 
| 155|0x00000000aa900000, 0x00000000aa900000, 0x00000000aaa00000|  0%| F|  |TAMS 0x00000000aa900000, 0x00000000aa900000| Untracked 
| 156|0x00000000aaa00000, 0x00000000aaa00000, 0x00000000aab00000|  0%| F|  |TAMS 0x00000000aaa00000, 0x00000000aaa00000| Untracked 
| 157|0x00000000aab00000, 0x00000000aab83e38, 0x00000000aac00000| 51%| E|  |TAMS 0x00000000aab00000, 0x00000000aab00000| Complete 
| 158|0x00000000aac00000, 0x00000000aad00000, 0x00000000aad00000|100%| E|CS|TAMS 0x00000000aac00000, 0x00000000aac00000| Complete 
| 159|0x00000000aad00000, 0x00000000aae00000, 0x00000000aae00000|100%| E|CS|TAMS 0x00000000aad00000, 0x00000000aad00000| Complete 
| 160|0x00000000aae00000, 0x00000000aaf00000, 0x00000000aaf00000|100%| E|CS|TAMS 0x00000000aae00000, 0x00000000aae00000| Complete 
| 161|0x00000000aaf00000, 0x00000000ab000000, 0x00000000ab000000|100%| E|CS|TAMS 0x00000000aaf00000, 0x00000000aaf00000| Complete 
| 162|0x00000000ab000000, 0x00000000ab100000, 0x00000000ab100000|100%| E|CS|TAMS 0x00000000ab000000, 0x00000000ab000000| Complete 
| 163|0x00000000ab100000, 0x00000000ab200000, 0x00000000ab200000|100%| E|CS|TAMS 0x00000000ab100000, 0x00000000ab100000| Complete 
| 164|0x00000000ab200000, 0x00000000ab300000, 0x00000000ab300000|100%| E|CS|TAMS 0x00000000ab200000, 0x00000000ab200000| Complete 
| 165|0x00000000ab300000, 0x00000000ab400000, 0x00000000ab400000|100%| E|CS|TAMS 0x00000000ab300000, 0x00000000ab300000| Complete 
| 166|0x00000000ab400000, 0x00000000ab500000, 0x00000000ab500000|100%| E|CS|TAMS 0x00000000ab400000, 0x00000000ab400000| Complete 
| 167|0x00000000ab500000, 0x00000000ab600000, 0x00000000ab600000|100%| E|CS|TAMS 0x00000000ab500000, 0x00000000ab500000| Complete 
| 168|0x00000000ab600000, 0x00000000ab700000, 0x00000000ab700000|100%| E|CS|TAMS 0x00000000ab600000, 0x00000000ab600000| Complete 
| 169|0x00000000ab700000, 0x00000000ab800000, 0x00000000ab800000|100%| E|CS|TAMS 0x00000000ab700000, 0x00000000ab700000| Complete 
|1520|0x00000000ffe00000, 0x00000000fff00000, 0x00000000fff00000|100%| O|  |TAMS 0x00000000fff00000, 0x00000000fff00000| Untracked 
|1521|0x00000000fff00000, 0x0000000100000000, 0x0000000100000000|100%| O|  |TAMS 0x0000000100000000, 0x0000000100000000| Untracked 

Card table byte_map: [0x0000028228e80000,0x0000028229180000] _byte_map_base: 0x0000028228979000

Marking Bits (Prev, Next): (CMBitMap*) 0x00000282166f6520, (CMBitMap*) 0x00000282166f6560
 Prev Bits: [0x0000028229480000, 0x000002822ac48000)
 Next Bits: [0x000002822ac50000, 0x000002822c418000)

Polling page: 0x0000028215e60000

Metaspace:

Usage:
  Non-class:     47.68 MB used.
      Class:      6.37 MB used.
       Both:     54.06 MB used.

Virtual space:
  Non-class space:       64.00 MB reserved,      47.81 MB ( 75%) committed,  1 nodes.
      Class space:        1.00 GB reserved,       6.50 MB ( <1%) committed,  1 nodes.
             Both:        1.06 GB reserved,      54.31 MB (  5%) committed. 

Chunk freelists:
   Non-Class:  15.91 MB
       Class:  9.48 MB
        Both:  25.39 MB

MaxMetaspaceSize: unlimited
CompressedClassSpaceSize: 1.00 GB
Initial GC threshold: 21.00 MB
Current GC threshold: 55.75 MB
CDS: off
MetaspaceReclaimPolicy: balanced
 - commit_granule_bytes: 65536.
 - commit_granule_words: 8192.
 - virtual_space_node_default_size: 8388608.
 - enlarge_chunks_in_place: 1.
 - new_chunks_are_fully_committed: 0.
 - uncommit_free_chunks: 1.
 - use_allocation_guard: 0.
 - handle_deallocations: 1.


Internal statistics:

num_allocs_failed_limit: 3.
num_arena_births: 214.
num_arena_deaths: 0.
num_vsnodes_births: 2.
num_vsnodes_deaths: 0.
num_space_committed: 867.
num_space_uncommitted: 0.
num_chunks_returned_to_freelist: 3.
num_chunks_taken_from_freelist: 1837.
num_chunk_merges: 3.
num_chunk_splits: 1543.
num_chunks_enlarged: 1400.
num_inconsistent_stats: 0.

CodeHeap 'non-profiled nmethods': size=120000Kb used=2450Kb max_used=2861Kb free=117549Kb
 bounds [0x0000028221650000, 0x0000028221920000, 0x0000028228b80000]
CodeHeap 'profiled nmethods': size=120000Kb used=11823Kb max_used=14215Kb free=108176Kb
 bounds [0x0000028219b80000, 0x000002821a970000, 0x00000282210b0000]
CodeHeap 'non-nmethods': size=5760Kb used=1284Kb max_used=1337Kb free=4475Kb
 bounds [0x00000282210b0000, 0x0000028221320000, 0x0000028221650000]
 total_blobs=5666 nmethods=5074 adapters=503
 compilation: enabled
              stopped_count=0, restarted_count=0
 full_count=0

Compilation events (20 events):
Event: 9.285 Thread 0x000002822eba87e0 5890       1       org.jetbrains.kotlin.resolve.calls.tower.NewResolvedCallImpl::getResolvedCallAtom (5 bytes)
Event: 9.285 Thread 0x000002822eba87e0 nmethod 5890 0x00000282216f0f90 code [0x00000282216f1120, 0x00000282216f11f8]
Event: 9.285 Thread 0x000002822eba87e0 5891       3       org.jetbrains.kotlin.com.intellij.psi.impl.source.PsiFileImpl::calcTreeElement (18 bytes)
Event: 9.286 Thread 0x000002822eba87e0 nmethod 5891 0x0000028219c36290 code [0x0000028219c364a0, 0x0000028219c36d58]
Event: 9.286 Thread 0x000002822eba87e0 5893       1       org.jetbrains.kotlin.resolve.calls.components.candidate.SimpleResolutionCandidate::getCallComponents (5 bytes)
Event: 9.286 Thread 0x000002822eba87e0 nmethod 5893 0x00000282216f0c90 code [0x00000282216f0e20, 0x00000282216f0ef8]
Event: 9.287 Thread 0x000002822eba87e0 5894       1       org.jetbrains.kotlin.resolve.calls.tower.NewResolvedCallImpl::getPsiKotlinCall (5 bytes)
Event: 9.287 Thread 0x000002822eba87e0 nmethod 5894 0x0000028221671090 code [0x0000028221671220, 0x00000282216712f8]
Event: 9.288 Thread 0x000002822eba87e0 5896       2       org.jetbrains.kotlin.descriptors.impl.FunctionDescriptorImpl::getOriginal (31 bytes)
Event: 9.288 Thread 0x000002822eba87e0 nmethod 5896 0x0000028219cecd10 code [0x0000028219cecec0, 0x0000028219ced038]
Event: 9.289 Thread 0x000002822eba87e0 5897       3       org.jetbrains.kotlin.resolve.calls.tower.NewResolvedCallImpl::getResultingDescriptor (17 bytes)
Event: 9.290 Thread 0x000002822eba87e0 nmethod 5897 0x0000028219c5e490 code [0x0000028219c5e700, 0x0000028219c5ef58]
Event: 9.291 Thread 0x000002822eba87e0 5898       3       org.jetbrains.kotlin.descriptors.impl.ClassConstructorDescriptorImpl::getContainingDeclaration (17 bytes)
Event: 9.291 Thread 0x000002822eba87e0 nmethod 5898 0x0000028219be5510 code [0x0000028219be56e0, 0x0000028219be5a38]
Event: 9.291 Thread 0x000002822eba87e0 5899       3       org.jetbrains.kotlin.resolve.lazy.descriptors.LazyClassDescriptor$LazyClassTypeConstructor::getDeclarationDescriptor (14 bytes)
Event: 9.292 Thread 0x000002822eba87e0 nmethod 5899 0x0000028219d08190 code [0x0000028219d08340, 0x0000028219d084c8]
Event: 9.292 Thread 0x000002822eba87e0 5900       3       org.jetbrains.kotlin.resolve.lazy.descriptors.LazyClassDescriptor$LazyClassTypeConstructor::getDeclarationDescriptor (5 bytes)
Event: 9.292 Thread 0x000002822eba87e0 nmethod 5900 0x0000028219c9dd90 code [0x0000028219c9df40, 0x0000028219c9e128]
Event: 9.293 Thread 0x000002822eba87e0 5901       3       org.jetbrains.kotlin.resolve.calls.components.candidate.ResolutionCandidate::processPart (78 bytes)
Event: 9.294 Thread 0x000002822eba87e0 nmethod 5901 0x0000028219ceea10 code [0x0000028219ceec80, 0x0000028219cef6e8]

GC Heap History (20 events):
Event: 3.580 GC heap before
{Heap before GC invocations=9 (full 0):
 garbage-first heap   total 50176K, used 33724K [0x00000000a0e00000, 0x0000000100000000)
  region size 1024K, 18 young (18432K), 2 survivors (2048K)
 Metaspace       used 36989K, committed 37248K, reserved 1114112K
  class space    used 4661K, committed 4800K, reserved 1048576K
}
Event: 3.587 GC heap after
{Heap after GC invocations=10 (full 0):
 garbage-first heap   total 50176K, used 20111K [0x00000000a0e00000, 0x0000000100000000)
  region size 1024K, 3 young (3072K), 3 survivors (3072K)
 Metaspace       used 36989K, committed 37248K, reserved 1114112K
  class space    used 4661K, committed 4800K, reserved 1048576K
}
Event: 3.606 GC heap before
{Heap before GC invocations=10 (full 0):
 garbage-first heap   total 50176K, used 20111K [0x00000000a0e00000, 0x0000000100000000)
  region size 1024K, 4 young (4096K), 3 survivors (3072K)
 Metaspace       used 37225K, committed 37440K, reserved 1114112K
  class space    used 4685K, committed 4800K, reserved 1048576K
}
Event: 3.612 GC heap after
{Heap after GC invocations=11 (full 0):
 garbage-first heap   total 50176K, used 19631K [0x00000000a0e00000, 0x0000000100000000)
  region size 1024K, 1 young (1024K), 1 survivors (1024K)
 Metaspace       used 37225K, committed 37440K, reserved 1114112K
  class space    used 4685K, committed 4800K, reserved 1048576K
}
Event: 3.885 GC heap before
{Heap before GC invocations=11 (full 0):
 garbage-first heap   total 50176K, used 33967K [0x00000000a0e00000, 0x0000000100000000)
  region size 1024K, 16 young (16384K), 1 survivors (1024K)
 Metaspace       used 40326K, committed 40576K, reserved 1114112K
  class space    used 4950K, committed 5056K, reserved 1048576K
}
Event: 3.889 GC heap after
{Heap after GC invocations=12 (full 0):
 garbage-first heap   total 50176K, used 21125K [0x00000000a0e00000, 0x0000000100000000)
  region size 1024K, 2 young (2048K), 2 survivors (2048K)
 Metaspace       used 40326K, committed 40576K, reserved 1114112K
  class space    used 4950K, committed 5056K, reserved 1048576K
}
Event: 4.952 GC heap before
{Heap before GC invocations=12 (full 0):
 garbage-first heap   total 50176K, used 36485K [0x00000000a0e00000, 0x0000000100000000)
  region size 1024K, 17 young (17408K), 2 survivors (2048K)
 Metaspace       used 44718K, committed 44928K, reserved 1114112K
  class space    used 5472K, committed 5568K, reserved 1048576K
}
Event: 4.959 GC heap after
{Heap after GC invocations=13 (full 0):
 garbage-first heap   total 50176K, used 21747K [0x00000000a0e00000, 0x0000000100000000)
  region size 1024K, 2 young (2048K), 2 survivors (2048K)
 Metaspace       used 44718K, committed 44928K, reserved 1114112K
  class space    used 5472K, committed 5568K, reserved 1048576K
}
Event: 5.470 GC heap before
{Heap before GC invocations=13 (full 0):
 garbage-first heap   total 50176K, used 38131K [0x00000000a0e00000, 0x0000000100000000)
  region size 1024K, 17 young (17408K), 2 survivors (2048K)
 Metaspace       used 46948K, committed 47168K, reserved 1114112K
  class space    used 5712K, committed 5824K, reserved 1048576K
}
Event: 5.479 GC heap after
{Heap after GC invocations=14 (full 0):
 garbage-first heap   total 50176K, used 26471K [0x00000000a0e00000, 0x0000000100000000)
  region size 1024K, 3 young (3072K), 3 survivors (3072K)
 Metaspace       used 46948K, committed 47168K, reserved 1114112K
  class space    used 5712K, committed 5824K, reserved 1048576K
}
Event: 5.502 GC heap before
{Heap before GC invocations=14 (full 0):
 garbage-first heap   total 50176K, used 26471K [0x00000000a0e00000, 0x0000000100000000)
  region size 1024K, 4 young (4096K), 3 survivors (3072K)
 Metaspace       used 47044K, committed 47232K, reserved 1114112K
  class space    used 5722K, committed 5824K, reserved 1048576K
}
Event: 5.509 GC heap after
{Heap after GC invocations=15 (full 0):
 garbage-first heap   total 92160K, used 27017K [0x00000000a0e00000, 0x0000000100000000)
  region size 1024K, 1 young (1024K), 1 survivors (1024K)
 Metaspace       used 47044K, committed 47232K, reserved 1114112K
  class space    used 5722K, committed 5824K, reserved 1048576K
}
Event: 6.419 GC heap before
{Heap before GC invocations=15 (full 0):
 garbage-first heap   total 92160K, used 64905K [0x00000000a0e00000, 0x0000000100000000)
  region size 1024K, 37 young (37888K), 1 survivors (1024K)
 Metaspace       used 49425K, committed 49664K, reserved 1114112K
  class space    used 5973K, committed 6080K, reserved 1048576K
}
Event: 6.438 GC heap after
{Heap after GC invocations=16 (full 0):
 garbage-first heap   total 92160K, used 30354K [0x00000000a0e00000, 0x0000000100000000)
  region size 1024K, 4 young (4096K), 4 survivors (4096K)
 Metaspace       used 49425K, committed 49664K, reserved 1114112K
  class space    used 5973K, committed 6080K, reserved 1048576K
}
Event: 7.854 GC heap before
{Heap before GC invocations=16 (full 0):
 garbage-first heap   total 92160K, used 67218K [0x00000000a0e00000, 0x0000000100000000)
  region size 1024K, 40 young (40960K), 4 survivors (4096K)
 Metaspace       used 52994K, committed 53248K, reserved 1114112K
  class space    used 6307K, committed 6400K, reserved 1048576K
}
Event: 7.875 GC heap after
{Heap after GC invocations=17 (full 0):
 garbage-first heap   total 92160K, used 35938K [0x00000000a0e00000, 0x0000000100000000)
  region size 1024K, 5 young (5120K), 5 survivors (5120K)
 Metaspace       used 52994K, committed 53248K, reserved 1114112K
  class space    used 6307K, committed 6400K, reserved 1048576K
}
Event: 8.933 GC heap before
{Heap before GC invocations=17 (full 0):
 garbage-first heap   total 92160K, used 68706K [0x00000000a0e00000, 0x0000000100000000)
  region size 1024K, 37 young (37888K), 5 survivors (5120K)
 Metaspace       used 53597K, committed 53824K, reserved 1114112K
  class space    used 6334K, committed 6464K, reserved 1048576K
}
Event: 8.963 GC heap after
{Heap after GC invocations=18 (full 0):
 garbage-first heap   total 92160K, used 42530K [0x00000000a0e00000, 0x0000000100000000)
  region size 1024K, 5 young (5120K), 5 survivors (5120K)
 Metaspace       used 53597K, committed 53824K, reserved 1114112K
  class space    used 6334K, committed 6464K, reserved 1048576K
}
Event: 9.105 GC heap before
{Heap before GC invocations=18 (full 0):
 garbage-first heap   total 92160K, used 69154K [0x00000000a0e00000, 0x0000000100000000)
  region size 1024K, 31 young (31744K), 5 survivors (5120K)
 Metaspace       used 53836K, committed 54080K, reserved 1114112K
  class space    used 6358K, committed 6464K, reserved 1048576K
}
Event: 9.118 GC heap after
{Heap after GC invocations=19 (full 0):
 garbage-first heap   total 176128K, used 43929K [0x00000000a0e00000, 0x0000000100000000)
  region size 1024K, 1 young (1024K), 1 survivors (1024K)
 Metaspace       used 53836K, committed 54080K, reserved 1114112K
  class space    used 6358K, committed 6464K, reserved 1048576K
}

Dll operation events (2 events):
Event: 0.015 Loaded shared library C:\Program Files\Android\Android Studio1\jbr\bin\java.dll
Event: 2.036 Loaded shared library C:\Program Files\Android\Android Studio1\jbr\bin\verify.dll

Deoptimization events (20 events):
Event: 9.314 Thread 0x00000282166a91d0 Uncommon trap: trap_request=0xffffffc6 fr.pc=0x00000282218c598c relative=0x000000000000032c
Event: 9.314 Thread 0x00000282166a91d0 Uncommon trap: reason=bimorphic_or_optimized_type_check action=maybe_recompile pc=0x00000282218c598c method=org.jetbrains.kotlin.types.model.TypeSystemContext.lowerBoundIfFlexible(Lorg/jetbrains/kotlin/types/model/KotlinTypeMarker;)Lorg/jetbrains/kotlin/t
Event: 9.314 Thread 0x00000282166a91d0 DEOPT PACKING pc=0x00000282218c598c sp=0x000000e171ffcc00
Event: 9.314 Thread 0x00000282166a91d0 DEOPT UNPACKING pc=0x00000282211069a3 sp=0x000000e171ffcba8 mode 2
Event: 9.314 Thread 0x00000282166a91d0 Uncommon trap: trap_request=0xffffffc6 fr.pc=0x00000282218bc2d0 relative=0x0000000000000530
Event: 9.314 Thread 0x00000282166a91d0 Uncommon trap: reason=bimorphic_or_optimized_type_check action=maybe_recompile pc=0x00000282218bc2d0 method=org.jetbrains.kotlin.types.model.TypeSystemContext.typeConstructor(Lorg/jetbrains/kotlin/types/model/KotlinTypeMarker;)Lorg/jetbrains/kotlin/types/
Event: 9.314 Thread 0x00000282166a91d0 DEOPT PACKING pc=0x00000282218bc2d0 sp=0x000000e171ffcc10
Event: 9.314 Thread 0x00000282166a91d0 DEOPT UNPACKING pc=0x00000282211069a3 sp=0x000000e171ffcbb0 mode 2
Event: 9.314 Thread 0x00000282166a91d0 Uncommon trap: trap_request=0xffffffc6 fr.pc=0x00000282218c598c relative=0x000000000000032c
Event: 9.314 Thread 0x00000282166a91d0 Uncommon trap: reason=bimorphic_or_optimized_type_check action=maybe_recompile pc=0x00000282218c598c method=org.jetbrains.kotlin.types.model.TypeSystemContext.lowerBoundIfFlexible(Lorg/jetbrains/kotlin/types/model/KotlinTypeMarker;)Lorg/jetbrains/kotlin/t
Event: 9.314 Thread 0x00000282166a91d0 DEOPT PACKING pc=0x00000282218c598c sp=0x000000e171ffcb90
Event: 9.314 Thread 0x00000282166a91d0 DEOPT UNPACKING pc=0x00000282211069a3 sp=0x000000e171ffcb38 mode 2
Event: 9.315 Thread 0x00000282166a91d0 Uncommon trap: trap_request=0xffffffc6 fr.pc=0x00000282218bc2d0 relative=0x0000000000000530
Event: 9.315 Thread 0x00000282166a91d0 Uncommon trap: reason=bimorphic_or_optimized_type_check action=maybe_recompile pc=0x00000282218bc2d0 method=org.jetbrains.kotlin.types.model.TypeSystemContext.typeConstructor(Lorg/jetbrains/kotlin/types/model/KotlinTypeMarker;)Lorg/jetbrains/kotlin/types/
Event: 9.315 Thread 0x00000282166a91d0 DEOPT PACKING pc=0x00000282218bc2d0 sp=0x000000e171ffc650
Event: 9.315 Thread 0x00000282166a91d0 DEOPT UNPACKING pc=0x00000282211069a3 sp=0x000000e171ffc5f0 mode 2
Event: 9.315 Thread 0x00000282166a91d0 Uncommon trap: trap_request=0xffffffc6 fr.pc=0x00000282218bc2d0 relative=0x0000000000000530
Event: 9.315 Thread 0x00000282166a91d0 Uncommon trap: reason=bimorphic_or_optimized_type_check action=maybe_recompile pc=0x00000282218bc2d0 method=org.jetbrains.kotlin.types.model.TypeSystemContext.typeConstructor(Lorg/jetbrains/kotlin/types/model/KotlinTypeMarker;)Lorg/jetbrains/kotlin/types/
Event: 9.315 Thread 0x00000282166a91d0 DEOPT PACKING pc=0x00000282218bc2d0 sp=0x000000e171ffc550
Event: 9.315 Thread 0x00000282166a91d0 DEOPT UNPACKING pc=0x00000282211069a3 sp=0x000000e171ffc4f0 mode 2

Classes unloaded (0 events):
No events

Classes redefined (0 events):
No events

Internal exceptions (20 events):
Event: 1.865 Thread 0x00000282166a91d0 Exception <a 'java/lang/NoSuchMethodError'{0x00000000a2ba8ce8}: 'int java.lang.invoke.DirectMethodHandle$Holder.invokeStaticInit(java.lang.Object, java.lang.Object)'> (0x00000000a2ba8ce8) 
thrown [s\src\hotspot\share\interpreter\linkResolver.cpp, line 771]
Event: 1.883 Thread 0x00000282166a91d0 Exception <a 'java/lang/NoSuchMethodError'{0x00000000a2a87ac0}: 'void java.lang.invoke.DirectMethodHandle$Holder.invokeSpecial(java.lang.Object, java.lang.Object, java.lang.Object)'> (0x00000000a2a87ac0) 
thrown [s\src\hotspot\share\interpreter\linkResolver.cpp, line 771]
Event: 1.943 Thread 0x00000282166a91d0 Exception <a 'java/lang/NoSuchMethodError'{0x00000000a27ae110}: 'void java.lang.invoke.DirectMethodHandle$Holder.invokeStatic(java.lang.Object, java.lang.Object, java.lang.Object, java.lang.Object)'> (0x00000000a27ae110) 
thrown [s\src\hotspot\share\interpreter\linkResolver.cpp, line 771]
Event: 2.004 Thread 0x00000282166a91d0 Exception <a 'java/lang/NoSuchMethodError'{0x00000000a236ded8}: 'void java.lang.invoke.DirectMethodHandle$Holder.invokeStaticInit(java.lang.Object, java.lang.Object)'> (0x00000000a236ded8) 
thrown [s\src\hotspot\share\interpreter\linkResolver.cpp, line 771]
Event: 2.088 Thread 0x00000282166a91d0 Exception <a 'java/lang/NoSuchMethodError'{0x00000000a1fe51c0}: 'void java.lang.invoke.DirectMethodHandle$Holder.invokeVirtual(java.lang.Object, java.lang.Object)'> (0x00000000a1fe51c0) 
thrown [s\src\hotspot\share\interpreter\linkResolver.cpp, line 771]
Event: 2.097 Thread 0x00000282166a91d0 Exception <a 'java/lang/NoSuchMethodError'{0x00000000a1e5f110}: 'int java.lang.invoke.DirectMethodHandle$Holder.invokeVirtual(java.lang.Object, java.lang.Object)'> (0x00000000a1e5f110) 
thrown [s\src\hotspot\share\interpreter\linkResolver.cpp, line 771]
Event: 2.113 Thread 0x00000282166a91d0 Exception <a 'java/lang/NoSuchMethodError'{0x00000000a1ef74a0}: 'java.lang.Object java.lang.invoke.Invokers$Holder.invokeExact_MT(java.lang.Object, java.lang.Object, java.lang.Object, java.lang.Object, java.lang.Object, java.lang.Object)'> (0x00000000a1ef74a0) 
thrown [s\src\hotspot\share\interpreter\linkResolver.cpp, line 771]
Event: 2.847 Thread 0x00000282166a91d0 Implicit null exception at 0x0000028221669172 to 0x000002822166973c
Event: 3.070 Thread 0x00000282166a91d0 Implicit null exception at 0x000002822166a1f2 to 0x000002822166a7cc
Event: 3.128 Thread 0x00000282166a91d0 Exception <a 'java/lang/NoSuchMethodError'{0x00000000a2b552f8}: 'java.lang.Object java.lang.invoke.DirectMethodHandle$Holder.invokeVirtual(java.lang.Object, java.lang.Object, java.lang.Object)'> (0x00000000a2b552f8) 
thrown [s\src\hotspot\share\interpreter\linkResolver.cpp, line 771]
Event: 4.397 Thread 0x00000282166a91d0 Exception <a 'java/lang/NoSuchMethodError'{0x00000000a3485b90}: 'java.lang.Object java.lang.invoke.DirectMethodHandle$Holder.newInvokeSpecial(java.lang.Object, java.lang.Object, int)'> (0x00000000a3485b90) 
thrown [s\src\hotspot\share\interpreter\linkResolver.cpp, line 771]
Event: 4.730 Thread 0x00000282166a91d0 Exception <a 'java/lang/NoSuchMethodError'{0x00000000a32238d8}: 'java.lang.Object java.lang.invoke.DirectMethodHandle$Holder.newInvokeSpecial(java.lang.Object, java.lang.Object, java.lang.Object, int)'> (0x00000000a32238d8) 
thrown [s\src\hotspot\share\interpreter\linkResolver.cpp, line 771]
Event: 4.734 Thread 0x00000282166a91d0 Exception <a 'java/lang/NoSuchMethodError'{0x00000000a3227f60}: 'java.lang.Object java.lang.invoke.DirectMethodHandle$Holder.invokeSpecial(java.lang.Object, java.lang.Object, java.lang.Object, java.lang.Object, int)'> (0x00000000a3227f60) 
thrown [s\src\hotspot\share\interpreter\linkResolver.cpp, line 771]
Event: 4.738 Thread 0x00000282166a91d0 Exception <a 'java/lang/NoSuchMethodError'{0x00000000a322bdd0}: 'java.lang.Object java.lang.invoke.Invokers$Holder.linkToTargetMethod(java.lang.Object, java.lang.Object, int, java.lang.Object)'> (0x00000000a322bdd0) 
thrown [s\src\hotspot\share\interpreter\linkResolver.cpp, line 771]
Event: 6.352 Thread 0x00000282166a91d0 Exception <a 'java/lang/NoSuchMethodError'{0x00000000a41ca8e0}: 'java.lang.Object java.lang.invoke.DirectMethodHandle$Holder.newInvokeSpecial(java.lang.Object, int, java.lang.Object)'> (0x00000000a41ca8e0) 
thrown [s\src\hotspot\share\interpreter\linkResolver.cpp, line 771]
Event: 6.360 Thread 0x00000282166a91d0 Exception <a 'java/lang/NoSuchMethodError'{0x00000000a41d0c18}: 'int java.lang.invoke.DirectMethodHandle$Holder.invokeInterface(java.lang.Object, java.lang.Object)'> (0x00000000a41d0c18) 
thrown [s\src\hotspot\share\interpreter\linkResolver.cpp, line 771]
Event: 6.599 Thread 0x00000282166a91d0 Exception <a 'java/lang/NoSuchMethodError'{0x00000000a64d1da8}: 'java.lang.Object java.lang.invoke.DirectMethodHandle$Holder.newInvokeSpecial(java.lang.Object, java.lang.Object, java.lang.Object, java.lang.Object, java.lang.Object, java.lang.Object)'> (0x00000000a64d1da8) 
thrown [s\src\hotspot\share\interpreter\linkResolver.cpp, line 771]
Event: 7.247 Thread 0x00000282166a91d0 Exception <a 'java/lang/NoSuchMethodError'{0x00000000a50a8248}: 'java.lang.Object java.lang.invoke.DirectMethodHandle$Holder.invokeStaticInit(java.lang.Object, java.lang.Object, java.lang.Object)'> (0x00000000a50a8248) 
thrown [s\src\hotspot\share\interpreter\linkResolver.cpp, line 771]
Event: 8.334 Thread 0x00000282166a91d0 Implicit null exception at 0x000002822169ec8e to 0x000002822169eee4
Event: 8.334 Thread 0x00000282166a91d0 Implicit null exception at 0x00000282216eb48f to 0x00000282216eb505

VM Operations (20 events):
Event: 8.356 Executing VM operation: ICBufferFull
Event: 8.356 Executing VM operation: ICBufferFull done
Event: 8.746 Executing VM operation: ICBufferFull
Event: 8.747 Executing VM operation: ICBufferFull done
Event: 8.933 Executing VM operation: G1CollectForAllocation
Event: 8.963 Executing VM operation: G1CollectForAllocation done
Event: 8.975 Executing VM operation: HandshakeAllThreads
Event: 8.975 Executing VM operation: HandshakeAllThreads done
Event: 8.986 Executing VM operation: HandshakeAllThreads
Event: 8.986 Executing VM operation: HandshakeAllThreads done
Event: 9.017 Executing VM operation: HandshakeAllThreads
Event: 9.017 Executing VM operation: HandshakeAllThreads done
Event: 9.047 Executing VM operation: HandshakeAllThreads
Event: 9.048 Executing VM operation: HandshakeAllThreads done
Event: 9.067 Executing VM operation: HandshakeAllThreads
Event: 9.067 Executing VM operation: HandshakeAllThreads done
Event: 9.105 Executing VM operation: G1CollectForAllocation
Event: 9.118 Executing VM operation: G1CollectForAllocation done
Event: 9.238 Executing VM operation: HandshakeAllThreads
Event: 9.238 Executing VM operation: HandshakeAllThreads done

Events (20 events):
Event: 9.078 Thread 0x000002822ebbaf90 flushing nmethod 0x000002821a557910
Event: 9.078 Thread 0x000002822ebbaf90 flushing nmethod 0x000002821a55c090
Event: 9.078 Thread 0x000002822ebbaf90 flushing nmethod 0x000002821a567010
Event: 9.078 Thread 0x000002822ebbaf90 flushing nmethod 0x000002821a573d10
Event: 9.078 Thread 0x000002822ebbaf90 flushing nmethod 0x000002821a576690
Event: 9.078 Thread 0x000002822ebbaf90 flushing nmethod 0x000002821a580b10
Event: 9.078 Thread 0x000002822ebbaf90 flushing nmethod 0x000002821a5a6a10
Event: 9.078 Thread 0x000002822ebbaf90 flushing nmethod 0x000002821a5cc190
Event: 9.078 Thread 0x000002822ebbaf90 flushing nmethod 0x000002821a5e6610
Event: 9.079 Thread 0x000002822ebbaf90 flushing nmethod 0x000002821a60ec10
Event: 9.079 Thread 0x000002822ebbaf90 flushing nmethod 0x000002821a638510
Event: 9.079 Thread 0x000002822ebbaf90 flushing nmethod 0x000002821a6fc890
Event: 9.079 Thread 0x000002822ebbaf90 flushing nmethod 0x000002821a701510
Event: 9.080 Thread 0x000002822ebbaf90 flushing nmethod 0x000002821a80f890
Event: 9.081 Thread 0x000002822ebbaf90 flushing nmethod 0x000002821a81f590
Event: 9.081 Thread 0x000002822ebbaf90 flushing nmethod 0x000002821a834810
Event: 9.081 Thread 0x000002822ebbaf90 flushing nmethod 0x000002821a8a7090
Event: 9.081 Thread 0x000002822ebbaf90 flushing nmethod 0x000002821a8c0f90
Event: 9.081 Thread 0x000002822ebbaf90 flushing nmethod 0x000002821a8c6110
Event: 9.081 Thread 0x000002822ebbaf90 flushing nmethod 0x000002821a909110


Dynamic libraries:
0x00007ff674920000 - 0x00007ff67492a000 	C:\Program Files\Android\Android Studio1\jbr\bin\java.exe
0x00007fffcf810000 - 0x00007fffcfa27000 	C:\Windows\SYSTEM32\ntdll.dll
0x00007fffcecb0000 - 0x00007fffced74000 	C:\Windows\System32\KERNEL32.DLL
0x00007fffccee0000 - 0x00007fffcd28d000 	C:\Windows\System32\KERNELBASE.dll
0x00007fffccdc0000 - 0x00007fffcced1000 	C:\Windows\System32\ucrtbase.dll
0x00007fffc0e00000 - 0x00007fffc0e17000 	C:\Program Files\Android\Android Studio1\jbr\bin\jli.dll
0x00007fffcd580000 - 0x00007fffcd72e000 	C:\Windows\System32\USER32.dll
0x00007fffcd510000 - 0x00007fffcd536000 	C:\Windows\System32\win32u.dll
0x00007fffcf010000 - 0x00007fffcf039000 	C:\Windows\System32\GDI32.dll
0x00007fffcd290000 - 0x00007fffcd3a9000 	C:\Windows\System32\gdi32full.dll
0x00007fffcd470000 - 0x00007fffcd50a000 	C:\Windows\System32\msvcp_win.dll
0x00007fffc2040000 - 0x00007fffc205b000 	C:\Program Files\Android\Android Studio1\jbr\bin\VCRUNTIME140.dll
0x00007fffb99e0000 - 0x00007fffb9c73000 	C:\Windows\WinSxS\amd64_microsoft.windows.common-controls_6595b64144ccf1df_6.0.22621.3672_none_2713b9d173822955\COMCTL32.dll
0x00007fffce9c0000 - 0x00007fffcea67000 	C:\Windows\System32\msvcrt.dll
0x00007fffcd880000 - 0x00007fffcd8b1000 	C:\Windows\System32\IMM32.DLL
0x00007fffc1fd0000 - 0x00007fffc1fdc000 	C:\Program Files\Android\Android Studio1\jbr\bin\vcruntime140_1.dll
0x00007fff8f140000 - 0x00007fff8f1cd000 	C:\Program Files\Android\Android Studio1\jbr\bin\msvcp140.dll
0x00007fff6b290000 - 0x00007fff6bf13000 	C:\Program Files\Android\Android Studio1\jbr\bin\server\jvm.dll
0x00007fffcee30000 - 0x00007fffceee2000 	C:\Windows\System32\ADVAPI32.dll
0x00007fffcd7c0000 - 0x00007fffcd869000 	C:\Windows\System32\sechost.dll
0x00007fffccd90000 - 0x00007fffccdb8000 	C:\Windows\System32\bcrypt.dll
0x00007fffceef0000 - 0x00007fffcf004000 	C:\Windows\System32\RPCRT4.dll
0x00007fffcc9f0000 - 0x00007fffcca3d000 	C:\Windows\SYSTEM32\POWRPROF.dll
0x00007fffc4a90000 - 0x00007fffc4a99000 	C:\Windows\SYSTEM32\WSOCK32.dll
0x00007fffcd730000 - 0x00007fffcd7a1000 	C:\Windows\System32\WS2_32.dll
0x00007fffc8d00000 - 0x00007fffc8d34000 	C:\Windows\SYSTEM32\WINMM.dll
0x00007fffc3540000 - 0x00007fffc354a000 	C:\Windows\SYSTEM32\VERSION.dll
0x00007fffcc9d0000 - 0x00007fffcc9e3000 	C:\Windows\SYSTEM32\UMPDC.dll
0x00007fffcbb60000 - 0x00007fffcbb78000 	C:\Windows\SYSTEM32\kernel.appcore.dll
0x00007fffc9890000 - 0x00007fffc989a000 	C:\Program Files\Android\Android Studio1\jbr\bin\jimage.dll
0x00007fffc5d70000 - 0x00007fffc5fa2000 	C:\Windows\SYSTEM32\DBGHELP.DLL
0x00007fffce630000 - 0x00007fffce9bd000 	C:\Windows\System32\combase.dll
0x00007fffcdcc0000 - 0x00007fffcdd97000 	C:\Windows\System32\OLEAUT32.dll
0x00007fffaf5a0000 - 0x00007fffaf5d2000 	C:\Windows\SYSTEM32\dbgcore.DLL
0x00007fffccba0000 - 0x00007fffccc1b000 	C:\Windows\System32\bcryptPrimitives.dll
0x00007fffc4aa0000 - 0x00007fffc4ac5000 	C:\Program Files\Android\Android Studio1\jbr\bin\java.dll
0x00007fffc6980000 - 0x00007fffc6998000 	C:\Program Files\Android\Android Studio1\jbr\bin\zip.dll
0x00007fffcddc0000 - 0x00007fffce628000 	C:\Windows\System32\SHELL32.dll
0x00007fffcaa80000 - 0x00007fffcb37e000 	C:\Windows\SYSTEM32\windows.storage.dll
0x00007fffca940000 - 0x00007fffcaa7f000 	C:\Windows\SYSTEM32\wintypes.dll
0x00007fffcf250000 - 0x00007fffcf349000 	C:\Windows\System32\SHCORE.dll
0x00007fffcf1f0000 - 0x00007fffcf24e000 	C:\Windows\System32\shlwapi.dll
0x00007fffcca60000 - 0x00007fffcca81000 	C:\Windows\SYSTEM32\profapi.dll
0x00007fffb6d90000 - 0x00007fffb6da9000 	C:\Program Files\Android\Android Studio1\jbr\bin\net.dll
0x00007fffc85b0000 - 0x00007fffc86e6000 	C:\Windows\SYSTEM32\WINHTTP.dll
0x00007fffcbfd0000 - 0x00007fffcc039000 	C:\Windows\system32\mswsock.dll
0x00007fffb6d70000 - 0x00007fffb6d86000 	C:\Program Files\Android\Android Studio1\jbr\bin\nio.dll
0x00007fffc88e0000 - 0x00007fffc88f0000 	C:\Program Files\Android\Android Studio1\jbr\bin\verify.dll

dbghelp: loaded successfully - version: 4.0.5 - missing functions: none
symbol engine: initialized successfully - sym options: 0x614 - pdb path: .;C:\Program Files\Android\Android Studio1\jbr\bin;C:\Windows\SYSTEM32;C:\Windows\WinSxS\amd64_microsoft.windows.common-controls_6595b64144ccf1df_6.0.22621.3672_none_2713b9d173822955;C:\Program Files\Android\Android Studio1\jbr\bin\server

VM Arguments:
java_command: org.jetbrains.kotlin.cli.jvm.K2JVMCompiler @C:\Users\bijub\AndroidStudioProjects\StudentTrackingApp\app\build\20240824_5650141535595502022.compiler.options
java_class_path (initial): C:\Users\bijub\.gradle\caches\modules-2\files-2.1\org.jetbrains.kotlin\kotlin-compiler-embeddable\1.9.0\2c8c3a7402becca891f12739b3e9fd2dc2adbd7a\kotlin-compiler-embeddable-1.9.0.jar;C:\Users\bijub\.gradle\caches\modules-2\files-2.1\org.jetbrains.kotlin\kotlin-stdlib\1.9.0\8ee15ef0c67dc83d874f412d84378d7f0eb50b63\kotlin-stdlib-1.9.0.jar;C:\Users\bijub\.gradle\caches\modules-2\files-2.1\org.jetbrains.kotlin\kotlin-script-runtime\1.9.0\4b3102cbbb7e1b58d9d1adf89563f00069ffa7d1\kotlin-script-runtime-1.9.0.jar;C:\Users\bijub\.gradle\caches\modules-2\files-2.1\org.jetbrains.kotlin\kotlin-reflect\1.6.10\1cbe9c92c12a94eea200d23c2bbaedaf3daf5132\kotlin-reflect-1.6.10.jar;C:\Users\bijub\.gradle\caches\modules-2\files-2.1\org.jetbrains.kotlin\kotlin-daemon-embeddable\1.9.0\186543f5e28cf8d9a0290fecc2cf34301c40a65c\kotlin-daemon-embeddable-1.9.0.jar;C:\Users\bijub\.gradle\caches\modules-2\files-2.1\org.jetbrains.intellij.deps\trove4j\1.0.20200330\3afb14d5f9ceb459d724e907a21145e8ff394f02\trove4j-1.0.20200330.jar;C:\Users\bijub\.gradle\caches\modules-2\files-2.1\org.jetbrains.kotlin\kotlin-stdlib-common\1.9.0\cd65c21cfd1eec4d44ef09f9f52b6d9f8a720636\kotlin-stdlib-common-1.9.0.jar;C:\Users\bijub\.gradle\caches\modules-2\files-2.1\org.jetbrains\annotations\13.0\919f0dfe192fb4e063e7dacadee7f8bb9a2672a9\annotations-13.0.jar
Launcher Type: SUN_STANDARD

[Global flags]
     intx CICompilerCount                          = 3                                         {product} {ergonomic}
     uint ConcGCThreads                            = 1                                         {product} {ergonomic}
     uint G1ConcRefinementThreads                  = 4                                         {product} {ergonomic}
   size_t G1HeapRegionSize                         = 1048576                                   {product} {ergonomic}
    uintx GCDrainStackTargetSize                   = 64                                        {product} {ergonomic}
   size_t InitialHeapSize                          = 100663296                                 {product} {ergonomic}
   size_t MarkStackSize                            = 4194304                                   {product} {ergonomic}
   size_t MaxHeapSize                              = 1595932672                                {product} {ergonomic}
   size_t MaxNewSize                               = 957349888                                 {product} {ergonomic}
   size_t MinHeapDeltaBytes                        = 1048576                                   {product} {ergonomic}
   size_t MinHeapSize                              = 8388608                                   {product} {ergonomic}
    uintx NonNMethodCodeHeapSize                   = 5832780                                {pd product} {ergonomic}
    uintx NonProfiledCodeHeapSize                  = 122912730                              {pd product} {ergonomic}
    uintx ProfiledCodeHeapSize                     = 122912730                              {pd product} {ergonomic}
    uintx ReservedCodeCacheSize                    = 251658240                              {pd product} {ergonomic}
     bool SegmentedCodeCache                       = true                                      {product} {ergonomic}
   size_t SoftMaxHeapSize                          = 1595932672                             {manageable} {ergonomic}
     bool UseCompressedClassPointers               = true                           {product lp64_product} {ergonomic}
     bool UseCompressedOops                        = true                           {product lp64_product} {ergonomic}
     bool UseG1GC                                  = true                                      {product} {ergonomic}
     bool UseLargePagesIndividualAllocation        = false                                  {pd product} {ergonomic}

Logging:
Log output configuration:
 #0: stdout all=warning uptime,level,tags
 #1: stderr all=off uptime,level,tags

Environment Variables:
JAVA_HOME=C:\Program Files\Java\jdk-20
PATH=C:\Python312\Scripts\;C:\Python312\;C:\Users\bijub\AppData\Local\Android\Sdk\tools;C:\Program Files\nodejs\;C:\ProgramData\chocolatey\bin;C:\Program Files\Git\bin\;C:\Program Files\Git\cmd\;C:\Program Files\Java\jdk-20\bin;C:\Users\bijub\AppData\Roaming\Composer\vendor\bin;C:\Users\bijub\AppData\Local\Programs\Microsoft VS Code\bin;C:\Users\bijub\AppData\Roaming\npm;
USERNAME=bijub
OS=Windows_NT
PROCESSOR_IDENTIFIER=AMD64 Family 23 Model 24 Stepping 1, AuthenticAMD
TMP=C:\Users\bijub\AppData\Local\Temp
TEMP=C:\Users\bijub\AppData\Local\Temp



Periodic native trim disabled

JNI global refs:
JNI global refs: 11, weak refs: 7

JNI global refs memory usage: 843, weak refs: 841

OOME stack traces (most recent first):
Classloader memory used:
Loader jdk.internal.loader.ClassLoaders$AppClassLoader                                 : 5619K
Loader bootstrap                                                                       : 1303K
Loader jdk.internal.reflect.DelegatingClassLoader                                      : 10788B


---------------  S Y S T E M  ---------------

OS:
 Windows 11 , 64 bit Build 22621 (10.0.22621.3958)
OS uptime: 0 days 15:57 hours

CPU: total 4 (initial active 4) (4 cores per cpu, 2 threads per core) family 23 model 24 stepping 1 microcode 0x0, cx8, cmov, fxsr, ht, mmx, 3dnowpref, sse, sse2, sse3, ssse3, sse4a, sse4.1, sse4.2, popcnt, lzcnt, tsc, tscinvbit, avx, avx2, aes, clmul, bmi1, bmi2, adx, sha, fma, vzeroupper, clflush, clflushopt
Processor Information for all 4 processors :
  Max Mhz: 2600, Current Mhz: 2600, Mhz Limit: 2600

Memory: 4k page, system-wide physical 6086M (371M free)
TotalPageFile size 14278M (AvailPageFile size 6M)
current process WorkingSet (physical memory assigned to process): 259M, peak: 259M
current process commit charge ("private bytes"): 361M, peak: 364M

vm_info: OpenJDK 64-Bit Server VM (17.0.10+0--11572160) for windows-amd64 JRE (17.0.10+0--11572160), built on Mar 13 2024 23:56:38 by "androidbuild" with MS VC++ 16.10 / 16.11 (VS2019)

END.
