#
# There is insufficient memory for the Java Runtime Environment to continue.
# Native memory allocation (mmap) failed to map 31457280 bytes for G1 virtual space
# Possible reasons:
#   The system is out of physical RAM or swap space
#   The process is running with CompressedOops enabled, and the Java Heap may be blocking the growth of the native heap
# Possible solutions:
#   Reduce memory load on the system
#   Increase physical memory or swap space
#   Check if swap backing store is full
#   Decrease Java heap size (-Xmx/-Xms)
#   Decrease number of Java threads
#   Decrease Java thread stack sizes (-Xss)
#   Set larger code cache with -XX:ReservedCodeCacheSize=
#   JVM is running with Unscaled Compressed Oops mode in which the Java heap is
#     placed in the first 4GB address space. The Java Heap base address is the
#     maximum limit for the native heap growth. Please use -XX:HeapBaseMinAddress
#     to set the Java Heap base and to place the Java Heap above 4GB virtual address.
# This output file may be truncated or incomplete.
#
#  Out of Memory Error (os_windows.cpp:3825), pid=8912, tid=10292
#
# JRE version: OpenJDK Runtime Environment (17.0.10) (build 17.0.10+0--11572160)
# Java VM: OpenJDK 64-Bit Server VM (17.0.10+0--11572160, mixed mode, tiered, compressed oops, compressed class ptrs, g1 gc, windows-amd64)
# No core dump will be written. Minidumps are not enabled by default on client versions of Windows
#

---------------  S U M M A R Y ------------

Command Line: org.jetbrains.kotlin.cli.jvm.K2JVMCompiler @C:\Users\bijub\AndroidStudioProjects\StudentTrackingApp\app\build\20240824_13843155702960174230.compiler.options

Host: AMD Ryzen 3 3250U with Radeon Graphics         , 4 cores, 5G,  Windows 11 , 64 bit Build 22621 (10.0.22621.3958)
Time: Sat Aug 24 14:52:03 2024 India Standard Time elapsed time: 9.190785 seconds (0d 0h 0m 9s)

---------------  T H R E A D  ---------------

Current thread (0x000001d222eaaed0):  VMThread "VM Thread" [stack: 0x00000037b6200000,0x00000037b6300000] [id=10292]

Stack: [0x00000037b6200000,0x00000037b6300000]
Native frames: (J=compiled Java code, j=interpreted, Vv=VM code, C=native code)
V  [jvm.dll+0x688e89]
V  [jvm.dll+0x84247a]
V  [jvm.dll+0x8440be]
V  [jvm.dll+0x844723]
V  [jvm.dll+0x24be0f]
V  [jvm.dll+0x685c59]
V  [jvm.dll+0x67a50a]
V  [jvm.dll+0x30cbab]
V  [jvm.dll+0x314056]
V  [jvm.dll+0x363dce]
V  [jvm.dll+0x363fff]
V  [jvm.dll+0x2e2978]
V  [jvm.dll+0x2e0b54]
V  [jvm.dll+0x2e015c]
V  [jvm.dll+0x32502b]
V  [jvm.dll+0x848e1b]
V  [jvm.dll+0x849b61]
V  [jvm.dll+0x84a07d]
V  [jvm.dll+0x84a454]
V  [jvm.dll+0x84a520]
V  [jvm.dll+0x7f0d1a]
V  [jvm.dll+0x687d05]
C  [ucrtbase.dll+0x29333]
C  [KERNEL32.DLL+0x1257d]
C  [ntdll.dll+0x5af28]

VM_Operation (0x00000037b5cfa960): G1CollectForAllocation, mode: safepoint, requested by thread 0x000001d20acaa5e0


---------------  P R O C E S S  ---------------

Threads class SMR info:
_java_thread_list=0x000001d228e32b30, length=13, elements={
0x000001d20acaa5e0, 0x000001d222ef9d90, 0x000001d222f1d4f0, 0x000001d222f43d60,
0x000001d222f479a0, 0x000001d222f48360, 0x000001d222f48d20, 0x000001d22319f770,
0x000001d2231a4250, 0x000001d2231aec70, 0x000001d2233114c0, 0x000001d223315c50,
0x000001d229b686e0
}

Java Threads: ( => current thread )
  0x000001d20acaa5e0 JavaThread "main" [_thread_blocked, id=1140, stack(0x00000037b5c00000,0x00000037b5d00000)]
  0x000001d222ef9d90 JavaThread "Reference Handler" daemon [_thread_blocked, id=8120, stack(0x00000037b6300000,0x00000037b6400000)]
  0x000001d222f1d4f0 JavaThread "Finalizer" daemon [_thread_blocked, id=11644, stack(0x00000037b6400000,0x00000037b6500000)]
  0x000001d222f43d60 JavaThread "Signal Dispatcher" daemon [_thread_blocked, id=8652, stack(0x00000037b6500000,0x00000037b6600000)]
  0x000001d222f479a0 JavaThread "Attach Listener" daemon [_thread_blocked, id=11480, stack(0x00000037b6600000,0x00000037b6700000)]
  0x000001d222f48360 JavaThread "Service Thread" daemon [_thread_blocked, id=728, stack(0x00000037b6700000,0x00000037b6800000)]
  0x000001d222f48d20 JavaThread "Monitor Deflation Thread" daemon [_thread_blocked, id=4908, stack(0x00000037b6800000,0x00000037b6900000)]
  0x000001d22319f770 JavaThread "C2 CompilerThread0" daemon [_thread_blocked, id=8420, stack(0x00000037b6900000,0x00000037b6a00000)]
  0x000001d2231a4250 JavaThread "C1 CompilerThread0" daemon [_thread_blocked, id=9668, stack(0x00000037b6a00000,0x00000037b6b00000)]
  0x000001d2231aec70 JavaThread "Sweeper thread" daemon [_thread_blocked, id=4560, stack(0x00000037b6b00000,0x00000037b6c00000)]
  0x000001d2233114c0 JavaThread "Notification Thread" daemon [_thread_blocked, id=1876, stack(0x00000037b6c00000,0x00000037b6d00000)]
  0x000001d223315c50 JavaThread "Common-Cleaner" daemon [_thread_blocked, id=7172, stack(0x00000037b6e00000,0x00000037b6f00000)]
  0x000001d229b686e0 JavaThread "C2 CompilerThread1" daemon [_thread_blocked, id=9044, stack(0x00000037b7200000,0x00000037b7300000)]

Other Threads:
=>0x000001d222eaaed0 VMThread "VM Thread" [stack: 0x00000037b6200000,0x00000037b6300000] [id=10292]
  0x000001d2233119a0 WatcherThread [stack: 0x00000037b6d00000,0x00000037b6e00000] [id=6788]
  0x000001d20acf7130 GCTaskThread "GC Thread#0" [stack: 0x00000037b5d00000,0x00000037b5e00000] [id=10412]
  0x000001d223721320 GCTaskThread "GC Thread#1" [stack: 0x00000037b6f00000,0x00000037b7000000] [id=1144]
  0x000001d223741dc0 GCTaskThread "GC Thread#2" [stack: 0x00000037b7000000,0x00000037b7100000] [id=5740]
  0x000001d223742080 GCTaskThread "GC Thread#3" [stack: 0x00000037b7100000,0x00000037b7200000] [id=3592]
  0x000001d20ad03ec0 ConcurrentGCThread "G1 Main Marker" [stack: 0x00000037b5e00000,0x00000037b5f00000] [id=10204]
  0x000001d20ad05080 ConcurrentGCThread "G1 Conc#0" [stack: 0x00000037b5f00000,0x00000037b6000000] [id=11428]
  0x000001d222d60090 ConcurrentGCThread "G1 Refine#0" [stack: 0x00000037b6000000,0x00000037b6100000] [id=10672]
  0x000001d228498fd0 ConcurrentGCThread "G1 Refine#1" [stack: 0x00000037b7300000,0x00000037b7400000] [id=9312]
  0x000001d222d60ac0 ConcurrentGCThread "G1 Service" [stack: 0x00000037b6100000,0x00000037b6200000] [id=5844]

Threads with active compile tasks:
C2 CompilerThread1     9209 5458       4       org.jetbrains.org.objectweb.asm.ClassReader::readMethod (1061 bytes)

VM state: at safepoint (normal execution)

VM Mutex/Monitor currently owned by a thread:  ([mutex/lock_event])
[0x000001d20aca66b0] Threads_lock - owner thread: 0x000001d222eaaed0
[0x000001d20aca5420] Heap_lock - owner thread: 0x000001d20acaa5e0

Heap address: 0x00000000a0e00000, size: 1522 MB, Compressed Oops mode: 32-bit

CDS archive(s) not mapped
Compressed class space mapped at: 0x0000000100000000-0x0000000140000000, reserved size: 1073741824
Narrow klass base: 0x0000000000000000, Narrow klass shift: 3, Narrow klass range: 0x140000000

GC Precious Log:
 CPUs: 4 total, 4 available
 Memory: 6086M
 Large Page Support: Disabled
 NUMA Support: Disabled
 Compressed Oops: Enabled (32-bit)
 Heap Region Size: 1M
 Heap Min Capacity: 8M
 Heap Initial Capacity: 96M
 Heap Max Capacity: 1522M
 Pre-touch: Disabled
 Parallel Workers: 4
 Concurrent Workers: 1
 Concurrent Refinement Workers: 4
 Periodic GC: Disabled

Heap:
 garbage-first heap   total 100352K, used 37595K [0x00000000a0e00000, 0x0000000100000000)
  region size 1024K, 3 young (3072K), 3 survivors (3072K)
 Metaspace       used 53209K, committed 53440K, reserved 1114112K
  class space    used 6323K, committed 6400K, reserved 1048576K

Heap Regions: E=young(eden), S=young(survivor), O=old, HS=humongous(starts), HC=humongous(continues), CS=collection set, F=free, OA=open archive, CA=closed archive, TAMS=top-at-mark-start (previous, next)
|   0|0x00000000a0e00000, 0x00000000a0f00000, 0x00000000a0f00000|100%|HS|  |TAMS 0x00000000a0f00000, 0x00000000a0f00000| Complete 
|   1|0x00000000a0f00000, 0x00000000a1000000, 0x00000000a1000000|100%|HC|  |TAMS 0x00000000a1000000, 0x00000000a1000000| Complete 
|   2|0x00000000a1000000, 0x00000000a1100000, 0x00000000a1100000|100%|HC|  |TAMS 0x00000000a1100000, 0x00000000a1100000| Complete 
|   3|0x00000000a1100000, 0x00000000a1200000, 0x00000000a1200000|100%|HC|  |TAMS 0x00000000a1200000, 0x00000000a1200000| Complete 
|   4|0x00000000a1200000, 0x00000000a1300000, 0x00000000a1300000|100%| O|  |TAMS 0x00000000a1300000, 0x00000000a1300000| Untracked 
|   5|0x00000000a1300000, 0x00000000a13f0400, 0x00000000a1400000| 93%| O|  |TAMS 0x00000000a13f0400, 0x00000000a13f0400| Untracked 
|   6|0x00000000a1400000, 0x00000000a1500000, 0x00000000a1500000|100%| O|  |TAMS 0x00000000a1500000, 0x00000000a1500000| Untracked 
|   7|0x00000000a1500000, 0x00000000a1600000, 0x00000000a1600000|100%| O|  |TAMS 0x00000000a1600000, 0x00000000a1600000| Untracked 
|   8|0x00000000a1600000, 0x00000000a1700000, 0x00000000a1700000|100%| O|  |TAMS 0x00000000a1700000, 0x00000000a1700000| Untracked 
|   9|0x00000000a1700000, 0x00000000a1800000, 0x00000000a1800000|100%| O|  |TAMS 0x00000000a1800000, 0x00000000a1800000| Untracked 
|  10|0x00000000a1800000, 0x00000000a1900000, 0x00000000a1900000|100%| O|  |TAMS 0x00000000a1800000, 0x00000000a1900000| Untracked 
|  11|0x00000000a1900000, 0x00000000a1a00000, 0x00000000a1a00000|100%| O|  |TAMS 0x00000000a1a00000, 0x00000000a1a00000| Untracked 
|  12|0x00000000a1a00000, 0x00000000a1b00000, 0x00000000a1b00000|100%| O|  |TAMS 0x00000000a1b00000, 0x00000000a1b00000| Untracked 
|  13|0x00000000a1b00000, 0x00000000a1c00000, 0x00000000a1c00000|100%| O|  |TAMS 0x00000000a1c00000, 0x00000000a1c00000| Untracked 
|  14|0x00000000a1c00000, 0x00000000a1d00000, 0x00000000a1d00000|100%| O|  |TAMS 0x00000000a1d00000, 0x00000000a1d00000| Untracked 
|  15|0x00000000a1d00000, 0x00000000a1e00000, 0x00000000a1e00000|100%| O|  |TAMS 0x00000000a1d00000, 0x00000000a1e00000| Untracked 
|  16|0x00000000a1e00000, 0x00000000a1f00000, 0x00000000a1f00000|100%| O|  |TAMS 0x00000000a1f00000, 0x00000000a1f00000| Untracked 
|  17|0x00000000a1f00000, 0x00000000a2000000, 0x00000000a2000000|100%| O|  |TAMS 0x00000000a2000000, 0x00000000a2000000| Untracked 
|  18|0x00000000a2000000, 0x00000000a2100000, 0x00000000a2100000|100%| O|  |TAMS 0x00000000a2100000, 0x00000000a2100000| Untracked 
|  19|0x00000000a2100000, 0x00000000a2200000, 0x00000000a2200000|100%| O|  |TAMS 0x00000000a2200000, 0x00000000a2200000| Untracked 
|  20|0x00000000a2200000, 0x00000000a2300000, 0x00000000a2300000|100%|HS|  |TAMS 0x00000000a2300000, 0x00000000a2300000| Complete 
|  21|0x00000000a2300000, 0x00000000a2400000, 0x00000000a2400000|100%|HC|  |TAMS 0x00000000a2400000, 0x00000000a2400000| Complete 
|  22|0x00000000a2400000, 0x00000000a2500000, 0x00000000a2500000|100%| O|  |TAMS 0x00000000a2500000, 0x00000000a2500000| Untracked 
|  23|0x00000000a2500000, 0x00000000a2600000, 0x00000000a2600000|100%| O|  |TAMS 0x00000000a2600000, 0x00000000a2600000| Untracked 
|  24|0x00000000a2600000, 0x00000000a2700000, 0x00000000a2700000|100%| O|  |TAMS 0x00000000a2700000, 0x00000000a2700000| Untracked 
|  25|0x00000000a2700000, 0x00000000a2800000, 0x00000000a2800000|100%| O|  |TAMS 0x00000000a2800000, 0x00000000a2800000| Untracked 
|  26|0x00000000a2800000, 0x00000000a2900000, 0x00000000a2900000|100%| O|  |TAMS 0x00000000a28a6c00, 0x00000000a2900000| Untracked 
|  27|0x00000000a2900000, 0x00000000a2a00000, 0x00000000a2a00000|100%| O|  |TAMS 0x00000000a2900000, 0x00000000a2a00000| Untracked 
|  28|0x00000000a2a00000, 0x00000000a2b00000, 0x00000000a2b00000|100%| O|  |TAMS 0x00000000a2a00000, 0x00000000a2b00000| Untracked 
|  29|0x00000000a2b00000, 0x00000000a2c00000, 0x00000000a2c00000|100%| O|  |TAMS 0x00000000a2b00000, 0x00000000a2bd8a00| Untracked 
|  30|0x00000000a2c00000, 0x00000000a2d00000, 0x00000000a2d00000|100%| O|  |TAMS 0x00000000a2c00000, 0x00000000a2c00000| Untracked 
|  31|0x00000000a2d00000, 0x00000000a2dc6a00, 0x00000000a2e00000| 77%| O|  |TAMS 0x00000000a2d00000, 0x00000000a2d00000| Untracked 
|  32|0x00000000a2e00000, 0x00000000a2e00000, 0x00000000a2f00000|  0%| F|  |TAMS 0x00000000a2e00000, 0x00000000a2e00000| Untracked 
|  33|0x00000000a2f00000, 0x00000000a2f00000, 0x00000000a3000000|  0%| F|  |TAMS 0x00000000a2f00000, 0x00000000a2f00000| Untracked 
|  34|0x00000000a3000000, 0x00000000a3000000, 0x00000000a3100000|  0%| F|  |TAMS 0x00000000a3000000, 0x00000000a3000000| Untracked 
|  35|0x00000000a3100000, 0x00000000a3100000, 0x00000000a3200000|  0%| F|  |TAMS 0x00000000a3100000, 0x00000000a3100000| Untracked 
|  36|0x00000000a3200000, 0x00000000a3200000, 0x00000000a3300000|  0%| F|  |TAMS 0x00000000a3200000, 0x00000000a3200000| Untracked 
|  37|0x00000000a3300000, 0x00000000a3300000, 0x00000000a3400000|  0%| F|  |TAMS 0x00000000a3300000, 0x00000000a3300000| Untracked 
|  38|0x00000000a3400000, 0x00000000a3400000, 0x00000000a3500000|  0%| F|  |TAMS 0x00000000a3400000, 0x00000000a3400000| Untracked 
|  39|0x00000000a3500000, 0x00000000a3500000, 0x00000000a3600000|  0%| F|  |TAMS 0x00000000a3500000, 0x00000000a3500000| Untracked 
|  40|0x00000000a3600000, 0x00000000a3600000, 0x00000000a3700000|  0%| F|  |TAMS 0x00000000a3600000, 0x00000000a3600000| Untracked 
|  41|0x00000000a3700000, 0x00000000a3800000, 0x00000000a3800000|100%| S|CS|TAMS 0x00000000a3700000, 0x00000000a3700000| Complete 
|  42|0x00000000a3800000, 0x00000000a3900000, 0x00000000a3900000|100%| S|CS|TAMS 0x00000000a3800000, 0x00000000a3800000| Complete 
|  43|0x00000000a3900000, 0x00000000a3a00000, 0x00000000a3a00000|100%| S|CS|TAMS 0x00000000a3900000, 0x00000000a3900000| Complete 
|  44|0x00000000a3a00000, 0x00000000a3a00000, 0x00000000a3b00000|  0%| F|  |TAMS 0x00000000a3a00000, 0x00000000a3a00000| Untracked 
|  45|0x00000000a3b00000, 0x00000000a3b00000, 0x00000000a3c00000|  0%| F|  |TAMS 0x00000000a3b00000, 0x00000000a3b00000| Untracked 
|  46|0x00000000a3c00000, 0x00000000a3c00000, 0x00000000a3d00000|  0%| F|  |TAMS 0x00000000a3c00000, 0x00000000a3c00000| Untracked 
|  47|0x00000000a3d00000, 0x00000000a3d00000, 0x00000000a3e00000|  0%| F|  |TAMS 0x00000000a3d00000, 0x00000000a3d00000| Untracked 
|  48|0x00000000a3e00000, 0x00000000a3e00000, 0x00000000a3f00000|  0%| F|  |TAMS 0x00000000a3e00000, 0x00000000a3e00000| Untracked 
|  49|0x00000000a3f00000, 0x00000000a3f00000, 0x00000000a4000000|  0%| F|  |TAMS 0x00000000a3f00000, 0x00000000a3f00000| Untracked 
|  50|0x00000000a4000000, 0x00000000a4000000, 0x00000000a4100000|  0%| F|  |TAMS 0x00000000a4000000, 0x00000000a4000000| Untracked 
|  51|0x00000000a4100000, 0x00000000a4100000, 0x00000000a4200000|  0%| F|  |TAMS 0x00000000a4100000, 0x00000000a4100000| Untracked 
|  52|0x00000000a4200000, 0x00000000a4200000, 0x00000000a4300000|  0%| F|  |TAMS 0x00000000a4200000, 0x00000000a4200000| Untracked 
|  53|0x00000000a4300000, 0x00000000a4300000, 0x00000000a4400000|  0%| F|  |TAMS 0x00000000a4300000, 0x00000000a4300000| Untracked 
|  54|0x00000000a4400000, 0x00000000a4400000, 0x00000000a4500000|  0%| F|  |TAMS 0x00000000a4400000, 0x00000000a4400000| Untracked 
|  55|0x00000000a4500000, 0x00000000a4500000, 0x00000000a4600000|  0%| F|  |TAMS 0x00000000a4500000, 0x00000000a4500000| Untracked 
|  56|0x00000000a4600000, 0x00000000a4600000, 0x00000000a4700000|  0%| F|  |TAMS 0x00000000a4600000, 0x00000000a4600000| Untracked 
|  57|0x00000000a4700000, 0x00000000a4700000, 0x00000000a4800000|  0%| F|  |TAMS 0x00000000a4700000, 0x00000000a4700000| Untracked 
|  58|0x00000000a4800000, 0x00000000a4800000, 0x00000000a4900000|  0%| F|  |TAMS 0x00000000a4800000, 0x00000000a4800000| Untracked 
|  59|0x00000000a4900000, 0x00000000a4900000, 0x00000000a4a00000|  0%| F|  |TAMS 0x00000000a4900000, 0x00000000a4900000| Untracked 
|  60|0x00000000a4a00000, 0x00000000a4a00000, 0x00000000a4b00000|  0%| F|  |TAMS 0x00000000a4a00000, 0x00000000a4a00000| Untracked 
|  61|0x00000000a4b00000, 0x00000000a4b00000, 0x00000000a4c00000|  0%| F|  |TAMS 0x00000000a4b00000, 0x00000000a4b00000| Untracked 
|  62|0x00000000a4c00000, 0x00000000a4c00000, 0x00000000a4d00000|  0%| F|  |TAMS 0x00000000a4c00000, 0x00000000a4c00000| Untracked 
|  63|0x00000000a4d00000, 0x00000000a4d00000, 0x00000000a4e00000|  0%| F|  |TAMS 0x00000000a4d00000, 0x00000000a4d00000| Untracked 
|  64|0x00000000a4e00000, 0x00000000a4e00000, 0x00000000a4f00000|  0%| F|  |TAMS 0x00000000a4e00000, 0x00000000a4e00000| Untracked 
|  65|0x00000000a4f00000, 0x00000000a4f00000, 0x00000000a5000000|  0%| F|  |TAMS 0x00000000a4f00000, 0x00000000a4f00000| Untracked 
|  66|0x00000000a5000000, 0x00000000a5000000, 0x00000000a5100000|  0%| F|  |TAMS 0x00000000a5000000, 0x00000000a5000000| Untracked 
|  67|0x00000000a5100000, 0x00000000a5100000, 0x00000000a5200000|  0%| F|  |TAMS 0x00000000a5100000, 0x00000000a5100000| Untracked 
|  68|0x00000000a5200000, 0x00000000a5200000, 0x00000000a5300000|  0%| F|  |TAMS 0x00000000a5200000, 0x00000000a5200000| Untracked 
|  69|0x00000000a5300000, 0x00000000a5300000, 0x00000000a5400000|  0%| F|  |TAMS 0x00000000a5300000, 0x00000000a5300000| Untracked 
|  70|0x00000000a5400000, 0x00000000a5400000, 0x00000000a5500000|  0%| F|  |TAMS 0x00000000a5400000, 0x00000000a5400000| Untracked 
|  71|0x00000000a5500000, 0x00000000a5500000, 0x00000000a5600000|  0%| F|  |TAMS 0x00000000a5500000, 0x00000000a5500000| Untracked 
|  72|0x00000000a5600000, 0x00000000a5600000, 0x00000000a5700000|  0%| F|  |TAMS 0x00000000a5600000, 0x00000000a5600000| Untracked 
|  73|0x00000000a5700000, 0x00000000a5700000, 0x00000000a5800000|  0%| F|  |TAMS 0x00000000a5700000, 0x00000000a5700000| Untracked 
|  74|0x00000000a5800000, 0x00000000a5800000, 0x00000000a5900000|  0%| F|  |TAMS 0x00000000a5800000, 0x00000000a5800000| Untracked 
|  75|0x00000000a5900000, 0x00000000a5900000, 0x00000000a5a00000|  0%| F|  |TAMS 0x00000000a5900000, 0x00000000a5900000| Untracked 
|  76|0x00000000a5a00000, 0x00000000a5a00000, 0x00000000a5b00000|  0%| F|  |TAMS 0x00000000a5a00000, 0x00000000a5a00000| Untracked 
|  77|0x00000000a5b00000, 0x00000000a5b00000, 0x00000000a5c00000|  0%| F|  |TAMS 0x00000000a5b00000, 0x00000000a5b00000| Untracked 
|  78|0x00000000a5c00000, 0x00000000a5c00000, 0x00000000a5d00000|  0%| F|  |TAMS 0x00000000a5c00000, 0x00000000a5c00000| Untracked 
|  79|0x00000000a5d00000, 0x00000000a5d00000, 0x00000000a5e00000|  0%| F|  |TAMS 0x00000000a5d00000, 0x00000000a5d00000| Untracked 
|  80|0x00000000a5e00000, 0x00000000a5e00000, 0x00000000a5f00000|  0%| F|  |TAMS 0x00000000a5e00000, 0x00000000a5e00000| Untracked 
|  81|0x00000000a5f00000, 0x00000000a5f00000, 0x00000000a6000000|  0%| F|  |TAMS 0x00000000a5f00000, 0x00000000a5f00000| Untracked 
|  82|0x00000000a6000000, 0x00000000a6000000, 0x00000000a6100000|  0%| F|  |TAMS 0x00000000a6000000, 0x00000000a6000000| Untracked 
|  83|0x00000000a6100000, 0x00000000a6100000, 0x00000000a6200000|  0%| F|  |TAMS 0x00000000a6100000, 0x00000000a6100000| Untracked 
|  84|0x00000000a6200000, 0x00000000a6200000, 0x00000000a6300000|  0%| F|  |TAMS 0x00000000a6200000, 0x00000000a6200000| Untracked 
|  85|0x00000000a6300000, 0x00000000a6300000, 0x00000000a6400000|  0%| F|  |TAMS 0x00000000a6300000, 0x00000000a6300000| Untracked 
|  86|0x00000000a6400000, 0x00000000a6400000, 0x00000000a6500000|  0%| F|  |TAMS 0x00000000a6400000, 0x00000000a6400000| Untracked 
|  87|0x00000000a6500000, 0x00000000a6500000, 0x00000000a6600000|  0%| F|  |TAMS 0x00000000a6500000, 0x00000000a6500000| Untracked 
|  88|0x00000000a6600000, 0x00000000a6600000, 0x00000000a6700000|  0%| F|  |TAMS 0x00000000a6600000, 0x00000000a6600000| Untracked 
|  89|0x00000000a6700000, 0x00000000a6700000, 0x00000000a6800000|  0%| F|  |TAMS 0x00000000a6700000, 0x00000000a6700000| Untracked 
|  90|0x00000000a6800000, 0x00000000a6800000, 0x00000000a6900000|  0%| F|  |TAMS 0x00000000a6800000, 0x00000000a6800000| Untracked 
|  91|0x00000000a6900000, 0x00000000a6900000, 0x00000000a6a00000|  0%| F|  |TAMS 0x00000000a6900000, 0x00000000a6900000| Untracked 
|  92|0x00000000a6a00000, 0x00000000a6a00000, 0x00000000a6b00000|  0%| F|  |TAMS 0x00000000a6a00000, 0x00000000a6a00000| Untracked 
|  93|0x00000000a6b00000, 0x00000000a6b00000, 0x00000000a6c00000|  0%| F|  |TAMS 0x00000000a6b00000, 0x00000000a6b00000| Untracked 
|  94|0x00000000a6c00000, 0x00000000a6c00000, 0x00000000a6d00000|  0%| F|  |TAMS 0x00000000a6c00000, 0x00000000a6c00000| Untracked 
|  95|0x00000000a6d00000, 0x00000000a6d00000, 0x00000000a6e00000|  0%| F|  |TAMS 0x00000000a6d00000, 0x00000000a6d00000| Untracked 
|1520|0x00000000ffe00000, 0x00000000fff00000, 0x00000000fff00000|100%| O|  |TAMS 0x00000000fff00000, 0x00000000fff00000| Untracked 
|1521|0x00000000fff00000, 0x0000000100000000, 0x0000000100000000|100%| O|  |TAMS 0x0000000100000000, 0x0000000100000000| Untracked 

Card table byte_map: [0x000001d21d480000,0x000001d21d780000] _byte_map_base: 0x000001d21cf79000

Marking Bits (Prev, Next): (CMBitMap*) 0x000001d20acf7790, (CMBitMap*) 0x000001d20acf7750
 Prev Bits: [0x000001d21f250000, 0x000001d220a18000)
 Next Bits: [0x000001d21da80000, 0x000001d21f248000)

Polling page: 0x000001d20a460000

Metaspace:

Usage:
  Non-class:     45.79 MB used.
      Class:      6.18 MB used.
       Both:     51.96 MB used.

Virtual space:
  Non-class space:       64.00 MB reserved,      45.94 MB ( 72%) committed,  1 nodes.
      Class space:        1.00 GB reserved,       6.25 MB ( <1%) committed,  1 nodes.
             Both:        1.06 GB reserved,      52.19 MB (  5%) committed. 

Chunk freelists:
   Non-Class:  1.78 MB
       Class:  9.69 MB
        Both:  11.47 MB

MaxMetaspaceSize: unlimited
CompressedClassSpaceSize: 1.00 GB
Initial GC threshold: 21.00 MB
Current GC threshold: 84.69 MB
CDS: off
MetaspaceReclaimPolicy: balanced
 - commit_granule_bytes: 65536.
 - commit_granule_words: 8192.
 - virtual_space_node_default_size: 8388608.
 - enlarge_chunks_in_place: 1.
 - new_chunks_are_fully_committed: 0.
 - uncommit_free_chunks: 1.
 - use_allocation_guard: 0.
 - handle_deallocations: 1.


Internal statistics:

num_allocs_failed_limit: 3.
num_arena_births: 206.
num_arena_deaths: 0.
num_vsnodes_births: 2.
num_vsnodes_deaths: 0.
num_space_committed: 833.
num_space_uncommitted: 0.
num_chunks_returned_to_freelist: 3.
num_chunks_taken_from_freelist: 1766.
num_chunk_merges: 3.
num_chunk_splits: 1467.
num_chunks_enlarged: 1329.
num_inconsistent_stats: 0.

CodeHeap 'non-profiled nmethods': size=120000Kb used=2567Kb max_used=2567Kb free=117432Kb
 bounds [0x000001d215c50000, 0x000001d215ee0000, 0x000001d21d180000]
CodeHeap 'profiled nmethods': size=120000Kb used=12996Kb max_used=12996Kb free=107003Kb
 bounds [0x000001d20e180000, 0x000001d20ee40000, 0x000001d2156b0000]
CodeHeap 'non-nmethods': size=5760Kb used=1272Kb max_used=1318Kb free=4487Kb
 bounds [0x000001d2156b0000, 0x000001d215920000, 0x000001d215c50000]
 total_blobs=6036 nmethods=5455 adapters=492
 compilation: enabled
              stopped_count=0, restarted_count=0
 full_count=0

Compilation events (20 events):
Event: 9.164 Thread 0x000001d2231a4250 nmethod 5467 0x000001d20ee24190 code [0x000001d20ee249e0, 0x000001d20ee291b8]
Event: 9.164 Thread 0x000001d2231a4250 5468       3       org.jetbrains.kotlin.descriptors.impl.SimpleFunctionDescriptorImpl::getOriginal (5 bytes)
Event: 9.164 Thread 0x000001d22319f770 nmethod 5470 0x000001d215ed1810 code [0x000001d215ed1980, 0x000001d215ed1a38]
Event: 9.165 Thread 0x000001d2231a4250 nmethod 5468 0x000001d20ee2ab90 code [0x000001d20ee2ad80, 0x000001d20ee2b2c8]
Event: 9.165 Thread 0x000001d2231a4250 5455       3       org.jetbrains.kotlin.resolve.jvm.kotlinSignature.SignaturesPropagationData::createAutoMethodDescriptor (96 bytes)
Event: 9.165 Thread 0x000001d2231a4250 nmethod 5455 0x000001d20ee2b410 code [0x000001d20ee2b660, 0x000001d20ee2c008]
Event: 9.165 Thread 0x000001d2231a4250 5469       3       org.jetbrains.kotlin.builtins.KotlinBuiltIns::getBuiltInClassByName (35 bytes)
Event: 9.166 Thread 0x000001d2231a4250 nmethod 5469 0x000001d20ee2c390 code [0x000001d20ee2c5a0, 0x000001d20ee2cc68]
Event: 9.166 Thread 0x000001d2231a4250 5463       3       org.jetbrains.org.objectweb.asm.ClassVisitor::<init> (7 bytes)
Event: 9.166 Thread 0x000001d2231a4250 nmethod 5463 0x000001d20ee2ce90 code [0x000001d20ee2d040, 0x000001d20ee2d188]
Event: 9.166 Thread 0x000001d2231a4250 5464       3       org.jetbrains.org.objectweb.asm.ClassVisitor::<init> (94 bytes)
Event: 9.167 Thread 0x000001d2231a4250 nmethod 5464 0x000001d20ee2d210 code [0x000001d20ee2d460, 0x000001d20ee2dd68]
Event: 9.167 Thread 0x000001d2231a4250 5465       3       org.jetbrains.org.objectweb.asm.ClassReader::<init> (9 bytes)
Event: 9.167 Thread 0x000001d2231a4250 nmethod 5465 0x000001d20ee2e010 code [0x000001d20ee2e1c0, 0x000001d20ee2e368]
Event: 9.167 Thread 0x000001d2231a4250 5466       3       org.jetbrains.kotlin.load.java.structure.impl.classFiles.ClassifierResolutionContext::addInnerClass$resolution_common_jvm (48 bytes)
Event: 9.170 Thread 0x000001d2231a4250 nmethod 5466 0x000001d20ee2e490 code [0x000001d20ee2e8e0, 0x000001d20ee30438]
Event: 9.170 Thread 0x000001d2231a4250 5471       1       org.jetbrains.kotlin.load.java.structure.impl.classFiles.BinaryJavaClass::setAccess (6 bytes)
Event: 9.170 Thread 0x000001d2231a4250 nmethod 5471 0x000001d215ed1b10 code [0x000001d215ed1ca0, 0x000001d215ed1d78]
Event: 9.170 Thread 0x000001d2231a4250 5472       3       java.util.Collections$SingletonSet::iterator (8 bytes)
Event: 9.170 Thread 0x000001d2231a4250 nmethod 5472 0x000001d20ee30e10 code [0x000001d20ee30fc0, 0x000001d20ee31298]

GC Heap History (20 events):
Event: 4.582 GC heap after
{Heap after GC invocations=10 (full 0):
 garbage-first heap   total 49152K, used 20332K [0x00000000a0e00000, 0x0000000100000000)
  region size 1024K, 3 young (3072K), 3 survivors (3072K)
 Metaspace       used 37121K, committed 37312K, reserved 1114112K
  class space    used 4672K, committed 4800K, reserved 1048576K
}
Event: 4.905 GC heap before
{Heap before GC invocations=10 (full 0):
 garbage-first heap   total 49152K, used 35692K [0x00000000a0e00000, 0x0000000100000000)
  region size 1024K, 18 young (18432K), 3 survivors (3072K)
 Metaspace       used 40109K, committed 40384K, reserved 1114112K
  class space    used 4917K, committed 5056K, reserved 1048576K
}
Event: 4.915 GC heap after
{Heap after GC invocations=11 (full 0):
 garbage-first heap   total 49152K, used 22396K [0x00000000a0e00000, 0x0000000100000000)
  region size 1024K, 2 young (2048K), 2 survivors (2048K)
 Metaspace       used 40109K, committed 40384K, reserved 1114112K
  class space    used 4917K, committed 5056K, reserved 1048576K
}
Event: 5.453 GC heap before
{Heap before GC invocations=11 (full 0):
 garbage-first heap   total 49152K, used 36732K [0x00000000a0e00000, 0x0000000100000000)
  region size 1024K, 16 young (16384K), 2 survivors (2048K)
 Metaspace       used 44296K, committed 44608K, reserved 1114112K
  class space    used 5426K, committed 5568K, reserved 1048576K
}
Event: 5.460 GC heap after
{Heap after GC invocations=12 (full 0):
 garbage-first heap   total 49152K, used 22914K [0x00000000a0e00000, 0x0000000100000000)
  region size 1024K, 2 young (2048K), 2 survivors (2048K)
 Metaspace       used 44296K, committed 44608K, reserved 1114112K
  class space    used 5426K, committed 5568K, reserved 1048576K
}
Event: 5.702 GC heap before
{Heap before GC invocations=12 (full 0):
 garbage-first heap   total 49152K, used 29058K [0x00000000a0e00000, 0x0000000100000000)
  region size 1024K, 9 young (9216K), 2 survivors (2048K)
 Metaspace       used 45974K, committed 46208K, reserved 1114112K
  class space    used 5612K, committed 5696K, reserved 1048576K
}
Event: 5.708 GC heap after
{Heap after GC invocations=13 (full 0):
 garbage-first heap   total 49152K, used 23542K [0x00000000a0e00000, 0x0000000100000000)
  region size 1024K, 2 young (2048K), 2 survivors (2048K)
 Metaspace       used 45974K, committed 46208K, reserved 1114112K
  class space    used 5612K, committed 5696K, reserved 1048576K
}
Event: 6.044 GC heap before
{Heap before GC invocations=14 (full 0):
 garbage-first heap   total 49152K, used 39926K [0x00000000a0e00000, 0x0000000100000000)
  region size 1024K, 16 young (16384K), 2 survivors (2048K)
 Metaspace       used 47017K, committed 47232K, reserved 1114112K
  class space    used 5726K, committed 5824K, reserved 1048576K
}
Event: 6.055 GC heap after
{Heap after GC invocations=15 (full 0):
 garbage-first heap   total 49152K, used 28364K [0x00000000a0e00000, 0x0000000100000000)
  region size 1024K, 2 young (2048K), 2 survivors (2048K)
 Metaspace       used 47017K, committed 47232K, reserved 1114112K
  class space    used 5726K, committed 5824K, reserved 1048576K
}
Event: 6.071 GC heap before
{Heap before GC invocations=15 (full 0):
 garbage-first heap   total 49152K, used 29388K [0x00000000a0e00000, 0x0000000100000000)
  region size 1024K, 3 young (3072K), 2 survivors (2048K)
 Metaspace       used 47036K, committed 47232K, reserved 1114112K
  class space    used 5726K, committed 5824K, reserved 1048576K
}
Event: 6.078 GC heap after
{Heap after GC invocations=16 (full 0):
 garbage-first heap   total 59392K, used 27674K [0x00000000a0e00000, 0x0000000100000000)
  region size 1024K, 1 young (1024K), 1 survivors (1024K)
 Metaspace       used 47036K, committed 47232K, reserved 1114112K
  class space    used 5726K, committed 5824K, reserved 1048576K
}
Event: 6.238 GC heap before
{Heap before GC invocations=16 (full 0):
 garbage-first heap   total 59392K, used 44058K [0x00000000a0e00000, 0x0000000100000000)
  region size 1024K, 17 young (17408K), 1 survivors (1024K)
 Metaspace       used 47118K, committed 47296K, reserved 1114112K
  class space    used 5726K, committed 5824K, reserved 1048576K
}
Event: 6.242 GC heap after
{Heap after GC invocations=17 (full 0):
 garbage-first heap   total 59392K, used 28267K [0x00000000a0e00000, 0x0000000100000000)
  region size 1024K, 2 young (2048K), 2 survivors (2048K)
 Metaspace       used 47118K, committed 47296K, reserved 1114112K
  class space    used 5726K, committed 5824K, reserved 1048576K
}
Event: 6.943 GC heap before
{Heap before GC invocations=18 (full 0):
 garbage-first heap   total 59392K, used 43627K [0x00000000a0e00000, 0x0000000100000000)
  region size 1024K, 18 young (18432K), 2 survivors (2048K)
 Metaspace       used 49294K, committed 49536K, reserved 1114112K
  class space    used 5965K, committed 6080K, reserved 1048576K
}
Event: 6.953 GC heap after
{Heap after GC invocations=19 (full 0):
 garbage-first heap   total 59392K, used 30300K [0x00000000a0e00000, 0x0000000100000000)
  region size 1024K, 3 young (3072K), 3 survivors (3072K)
 Metaspace       used 49294K, committed 49536K, reserved 1114112K
  class space    used 5965K, committed 6080K, reserved 1048576K
}
Event: 7.778 GC heap before
{Heap before GC invocations=19 (full 0):
 garbage-first heap   total 59392K, used 44636K [0x00000000a0e00000, 0x0000000100000000)
  region size 1024K, 18 young (18432K), 3 survivors (3072K)
 Metaspace       used 51843K, committed 52032K, reserved 1114112K
  class space    used 6265K, committed 6336K, reserved 1048576K
}
Event: 7.792 GC heap after
{Heap after GC invocations=20 (full 0):
 garbage-first heap   total 59392K, used 32755K [0x00000000a0e00000, 0x0000000100000000)
  region size 1024K, 3 young (3072K), 3 survivors (3072K)
 Metaspace       used 51843K, committed 52032K, reserved 1114112K
  class space    used 6265K, committed 6336K, reserved 1048576K
}
Event: 8.456 GC heap before
{Heap before GC invocations=21 (full 0):
 garbage-first heap   total 65536K, used 45043K [0x00000000a0e00000, 0x0000000100000000)
  region size 1024K, 15 young (15360K), 3 survivors (3072K)
 Metaspace       used 52510K, committed 52736K, reserved 1114112K
  class space    used 6306K, committed 6400K, reserved 1048576K
}
Event: 8.467 GC heap after
{Heap after GC invocations=22 (full 0):
 garbage-first heap   total 65536K, used 34588K [0x00000000a0e00000, 0x0000000100000000)
  region size 1024K, 2 young (2048K), 2 survivors (2048K)
 Metaspace       used 52510K, committed 52736K, reserved 1114112K
  class space    used 6306K, committed 6400K, reserved 1048576K
}
Event: 9.172 GC heap before
{Heap before GC invocations=22 (full 0):
 garbage-first heap   total 65536K, used 50972K [0x00000000a0e00000, 0x0000000100000000)
  region size 1024K, 18 young (18432K), 2 survivors (2048K)
 Metaspace       used 53209K, committed 53440K, reserved 1114112K
  class space    used 6323K, committed 6400K, reserved 1048576K
}

Dll operation events (2 events):
Event: 0.015 Loaded shared library C:\Program Files\Android\Android Studio1\jbr\bin\java.dll
Event: 2.774 Loaded shared library C:\Program Files\Android\Android Studio1\jbr\bin\verify.dll

Deoptimization events (20 events):
Event: 8.555 Thread 0x000001d20acaa5e0 DEOPT PACKING pc=0x000001d215e5ca3c sp=0x00000037b5cf8570
Event: 8.555 Thread 0x000001d20acaa5e0 DEOPT UNPACKING pc=0x000001d2157069a3 sp=0x00000037b5cf8510 mode 2
Event: 9.010 Thread 0x000001d20acaa5e0 DEOPT PACKING pc=0x000001d20eb3fbf4 sp=0x00000037b5cf9870
Event: 9.010 Thread 0x000001d20acaa5e0 DEOPT UNPACKING pc=0x000001d215707143 sp=0x00000037b5cf8d78 mode 0
Event: 9.011 Thread 0x000001d20acaa5e0 Uncommon trap: trap_request=0xffffffde fr.pc=0x000001d215ea8bc8 relative=0x00000000000000a8
Event: 9.011 Thread 0x000001d20acaa5e0 Uncommon trap: reason=class_check action=maybe_recompile pc=0x000001d215ea8bc8 method=org.jetbrains.kotlin.types.checker.ClassicTypeSystemContext$DefaultImpls.asFlexibleType(Lorg/jetbrains/kotlin/types/checker/ClassicTypeSystemContext;Lorg/jetbrains/kotli
Event: 9.011 Thread 0x000001d20acaa5e0 DEOPT PACKING pc=0x000001d215ea8bc8 sp=0x00000037b5cf9860
Event: 9.011 Thread 0x000001d20acaa5e0 DEOPT UNPACKING pc=0x000001d2157069a3 sp=0x00000037b5cf97d0 mode 2
Event: 9.011 Thread 0x000001d20acaa5e0 Uncommon trap: trap_request=0xffffffde fr.pc=0x000001d215ea8bc8 relative=0x00000000000000a8
Event: 9.011 Thread 0x000001d20acaa5e0 Uncommon trap: reason=class_check action=maybe_recompile pc=0x000001d215ea8bc8 method=org.jetbrains.kotlin.types.checker.ClassicTypeSystemContext$DefaultImpls.asFlexibleType(Lorg/jetbrains/kotlin/types/checker/ClassicTypeSystemContext;Lorg/jetbrains/kotli
Event: 9.011 Thread 0x000001d20acaa5e0 DEOPT PACKING pc=0x000001d215ea8bc8 sp=0x00000037b5cf9920
Event: 9.011 Thread 0x000001d20acaa5e0 DEOPT UNPACKING pc=0x000001d2157069a3 sp=0x00000037b5cf9890 mode 2
Event: 9.011 Thread 0x000001d20acaa5e0 Uncommon trap: trap_request=0xffffffde fr.pc=0x000001d215ea8bc8 relative=0x00000000000000a8
Event: 9.011 Thread 0x000001d20acaa5e0 Uncommon trap: reason=class_check action=maybe_recompile pc=0x000001d215ea8bc8 method=org.jetbrains.kotlin.types.checker.ClassicTypeSystemContext$DefaultImpls.asFlexibleType(Lorg/jetbrains/kotlin/types/checker/ClassicTypeSystemContext;Lorg/jetbrains/kotli
Event: 9.011 Thread 0x000001d20acaa5e0 DEOPT PACKING pc=0x000001d215ea8bc8 sp=0x00000037b5cf9910
Event: 9.011 Thread 0x000001d20acaa5e0 DEOPT UNPACKING pc=0x000001d2157069a3 sp=0x00000037b5cf9880 mode 2
Event: 9.011 Thread 0x000001d20acaa5e0 Uncommon trap: trap_request=0xffffffde fr.pc=0x000001d215ea8bc8 relative=0x00000000000000a8
Event: 9.011 Thread 0x000001d20acaa5e0 Uncommon trap: reason=class_check action=maybe_recompile pc=0x000001d215ea8bc8 method=org.jetbrains.kotlin.types.checker.ClassicTypeSystemContext$DefaultImpls.asFlexibleType(Lorg/jetbrains/kotlin/types/checker/ClassicTypeSystemContext;Lorg/jetbrains/kotli
Event: 9.011 Thread 0x000001d20acaa5e0 DEOPT PACKING pc=0x000001d215ea8bc8 sp=0x00000037b5cf9910
Event: 9.011 Thread 0x000001d20acaa5e0 DEOPT UNPACKING pc=0x000001d2157069a3 sp=0x00000037b5cf9880 mode 2

Classes unloaded (0 events):
No events

Classes redefined (0 events):
No events

Internal exceptions (20 events):
Event: 2.396 Thread 0x000001d20acaa5e0 Exception <a 'java/lang/NoSuchMethodError'{0x00000000a2cd7ac8}: 'int java.lang.invoke.DelegatingMethodHandle$Holder.reinvoke_L(java.lang.Object, java.lang.Object, java.lang.Object, long, int)'> (0x00000000a2cd7ac8) 
thrown [s\src\hotspot\share\interpreter\linkResolver.cpp, line 771]
Event: 2.420 Thread 0x000001d20acaa5e0 Exception <a 'java/lang/NoSuchMethodError'{0x00000000a2b7f440}: 'int java.lang.invoke.DirectMethodHandle$Holder.invokeStaticInit(java.lang.Object, java.lang.Object, java.lang.Object)'> (0x00000000a2b7f440) 
thrown [s\src\hotspot\share\interpreter\linkResolver.cpp, line 771]
Event: 2.428 Thread 0x000001d20acaa5e0 Exception <a 'java/lang/NoSuchMethodError'{0x00000000a2ba8ce8}: 'int java.lang.invoke.DirectMethodHandle$Holder.invokeStaticInit(java.lang.Object, java.lang.Object)'> (0x00000000a2ba8ce8) 
thrown [s\src\hotspot\share\interpreter\linkResolver.cpp, line 771]
Event: 2.461 Thread 0x000001d20acaa5e0 Exception <a 'java/lang/NoSuchMethodError'{0x00000000a2a87ac0}: 'void java.lang.invoke.DirectMethodHandle$Holder.invokeSpecial(java.lang.Object, java.lang.Object, java.lang.Object)'> (0x00000000a2a87ac0) 
thrown [s\src\hotspot\share\interpreter\linkResolver.cpp, line 771]
Event: 2.573 Thread 0x000001d20acaa5e0 Exception <a 'java/lang/NoSuchMethodError'{0x00000000a27ae110}: 'void java.lang.invoke.DirectMethodHandle$Holder.invokeStatic(java.lang.Object, java.lang.Object, java.lang.Object, java.lang.Object)'> (0x00000000a27ae110) 
thrown [s\src\hotspot\share\interpreter\linkResolver.cpp, line 771]
Event: 2.695 Thread 0x000001d20acaa5e0 Exception <a 'java/lang/NoSuchMethodError'{0x00000000a236d1a8}: 'void java.lang.invoke.DirectMethodHandle$Holder.invokeStaticInit(java.lang.Object, java.lang.Object)'> (0x00000000a236d1a8) 
thrown [s\src\hotspot\share\interpreter\linkResolver.cpp, line 771]
Event: 2.881 Thread 0x000001d20acaa5e0 Exception <a 'java/lang/NoSuchMethodError'{0x00000000a1fe3098}: 'void java.lang.invoke.DirectMethodHandle$Holder.invokeVirtual(java.lang.Object, java.lang.Object)'> (0x00000000a1fe3098) 
thrown [s\src\hotspot\share\interpreter\linkResolver.cpp, line 771]
Event: 2.899 Thread 0x000001d20acaa5e0 Exception <a 'java/lang/NoSuchMethodError'{0x00000000a1e5cdc0}: 'int java.lang.invoke.DirectMethodHandle$Holder.invokeVirtual(java.lang.Object, java.lang.Object)'> (0x00000000a1e5cdc0) 
thrown [s\src\hotspot\share\interpreter\linkResolver.cpp, line 771]
Event: 2.927 Thread 0x000001d20acaa5e0 Exception <a 'java/lang/NoSuchMethodError'{0x00000000a1ef4908}: 'java.lang.Object java.lang.invoke.Invokers$Holder.invokeExact_MT(java.lang.Object, java.lang.Object, java.lang.Object, java.lang.Object, java.lang.Object, java.lang.Object)'> (0x00000000a1ef4908) 
thrown [s\src\hotspot\share\interpreter\linkResolver.cpp, line 771]
Event: 3.802 Thread 0x000001d20acaa5e0 Implicit null exception at 0x000001d215c68672 to 0x000001d215c68c3c
Event: 3.996 Thread 0x000001d20acaa5e0 Implicit null exception at 0x000001d215c6a172 to 0x000001d215c6a74c
Event: 4.070 Thread 0x000001d20acaa5e0 Exception <a 'java/lang/NoSuchMethodError'{0x00000000a2b04a60}: 'java.lang.Object java.lang.invoke.DirectMethodHandle$Holder.invokeVirtual(java.lang.Object, java.lang.Object, java.lang.Object)'> (0x00000000a2b04a60) 
thrown [s\src\hotspot\share\interpreter\linkResolver.cpp, line 771]
Event: 5.255 Thread 0x000001d20acaa5e0 Exception <a 'java/lang/NoSuchMethodError'{0x00000000a3267e30}: 'java.lang.Object java.lang.invoke.DirectMethodHandle$Holder.newInvokeSpecial(java.lang.Object, java.lang.Object, int)'> (0x00000000a3267e30) 
thrown [s\src\hotspot\share\interpreter\linkResolver.cpp, line 771]
Event: 5.327 Thread 0x000001d20acaa5e0 Exception <a 'java/lang/NoSuchMethodError'{0x00000000a30059f0}: 'java.lang.Object java.lang.invoke.DirectMethodHandle$Holder.newInvokeSpecial(java.lang.Object, java.lang.Object, java.lang.Object, int)'> (0x00000000a30059f0) 
thrown [s\src\hotspot\share\interpreter\linkResolver.cpp, line 771]
Event: 5.329 Thread 0x000001d20acaa5e0 Exception <a 'java/lang/NoSuchMethodError'{0x00000000a300a078}: 'java.lang.Object java.lang.invoke.DirectMethodHandle$Holder.invokeSpecial(java.lang.Object, java.lang.Object, java.lang.Object, java.lang.Object, int)'> (0x00000000a300a078) 
thrown [s\src\hotspot\share\interpreter\linkResolver.cpp, line 771]
Event: 5.329 Thread 0x000001d20acaa5e0 Exception <a 'java/lang/NoSuchMethodError'{0x00000000a300dee8}: 'java.lang.Object java.lang.invoke.Invokers$Holder.linkToTargetMethod(java.lang.Object, java.lang.Object, int, java.lang.Object)'> (0x00000000a300dee8) 
thrown [s\src\hotspot\share\interpreter\linkResolver.cpp, line 771]
Event: 6.966 Thread 0x000001d20acaa5e0 Exception <a 'java/lang/NoSuchMethodError'{0x00000000a6d2b648}: 'java.lang.Object java.lang.invoke.DirectMethodHandle$Holder.newInvokeSpecial(java.lang.Object, int, java.lang.Object)'> (0x00000000a6d2b648) 
thrown [s\src\hotspot\share\interpreter\linkResolver.cpp, line 771]
Event: 6.968 Thread 0x000001d20acaa5e0 Exception <a 'java/lang/NoSuchMethodError'{0x00000000a6d31a00}: 'int java.lang.invoke.DirectMethodHandle$Holder.invokeInterface(java.lang.Object, java.lang.Object)'> (0x00000000a6d31a00) 
thrown [s\src\hotspot\share\interpreter\linkResolver.cpp, line 771]
Event: 7.208 Thread 0x000001d20acaa5e0 Exception <a 'java/lang/NoSuchMethodError'{0x00000000a514cf18}: 'java.lang.Object java.lang.invoke.DirectMethodHandle$Holder.newInvokeSpecial(java.lang.Object, java.lang.Object, java.lang.Object, java.lang.Object, java.lang.Object, java.lang.Object)'> (0x00000000a514cf18) 
thrown [s\src\hotspot\share\interpreter\linkResolver.cpp, line 771]
Event: 8.055 Thread 0x000001d20acaa5e0 Exception <a 'java/lang/NoSuchMethodError'{0x00000000a45ff390}: 'java.lang.Object java.lang.invoke.DirectMethodHandle$Holder.invokeStaticInit(java.lang.Object, java.lang.Object, java.lang.Object)'> (0x00000000a45ff390) 
thrown [s\src\hotspot\share\interpreter\linkResolver.cpp, line 771]

VM Operations (20 events):
Event: 8.069 Executing VM operation: HandshakeAllThreads done
Event: 8.074 Executing VM operation: HandshakeAllThreads
Event: 8.074 Executing VM operation: HandshakeAllThreads done
Event: 8.326 Executing VM operation: ICBufferFull
Event: 8.326 Executing VM operation: ICBufferFull done
Event: 8.456 Executing VM operation: G1CollectForAllocation
Event: 8.467 Executing VM operation: G1CollectForAllocation done
Event: 8.675 Executing VM operation: ICBufferFull
Event: 8.675 Executing VM operation: ICBufferFull done
Event: 8.895 Executing VM operation: ICBufferFull
Event: 8.895 Executing VM operation: ICBufferFull done
Event: 9.002 Executing VM operation: ICBufferFull
Event: 9.002 Executing VM operation: ICBufferFull done
Event: 9.008 Executing VM operation: HandshakeAllThreads
Event: 9.008 Executing VM operation: HandshakeAllThreads done
Event: 9.010 Executing VM operation: HandshakeAllThreads
Event: 9.010 Executing VM operation: HandshakeAllThreads done
Event: 9.133 Executing VM operation: ICBufferFull
Event: 9.134 Executing VM operation: ICBufferFull done
Event: 9.172 Executing VM operation: G1CollectForAllocation

Events (20 events):
Event: 6.374 loading class java/util/stream/ReduceOps$AccumulatingSink done
Event: 6.374 loading class java/util/stream/ReduceOps$Box
Event: 6.374 loading class java/util/stream/ReduceOps$Box done
Event: 6.374 loading class java/util/stream/ReduceOps$3ReducingSink done
Event: 6.374 loading class java/util/stream/ReferencePipeline$2$1
Event: 6.374 loading class java/util/stream/ReferencePipeline$2$1 done
Event: 6.375 loading class java/util/stream/IntPipeline$1$1
Event: 6.375 loading class java/util/stream/Sink$ChainedInt
Event: 6.375 loading class java/util/stream/Sink$OfInt
Event: 6.375 loading class java/util/function/IntConsumer
Event: 6.376 loading class java/util/function/IntConsumer done
Event: 6.376 loading class java/util/stream/Sink$OfInt done
Event: 6.376 loading class java/util/stream/Sink$ChainedInt done
Event: 6.376 loading class java/util/stream/IntPipeline$1$1 done
Event: 7.501 loading class java/util/ComparableTimSort
Event: 7.501 loading class java/util/ComparableTimSort done
Event: 7.504 loading class java/util/RegularEnumSet$EnumSetIterator
Event: 7.504 loading class java/util/RegularEnumSet$EnumSetIterator done
Event: 7.662 loading class java/util/Collections$SingletonMap
Event: 7.662 loading class java/util/Collections$SingletonMap done


Dynamic libraries:
0x00007ff674920000 - 0x00007ff67492a000 	C:\Program Files\Android\Android Studio1\jbr\bin\java.exe
0x00007fffcf810000 - 0x00007fffcfa27000 	C:\Windows\SYSTEM32\ntdll.dll
0x00007fffcecb0000 - 0x00007fffced74000 	C:\Windows\System32\KERNEL32.DLL
0x00007fffccee0000 - 0x00007fffcd28d000 	C:\Windows\System32\KERNELBASE.dll
0x00007fffccdc0000 - 0x00007fffcced1000 	C:\Windows\System32\ucrtbase.dll
0x00007fffc0e00000 - 0x00007fffc0e17000 	C:\Program Files\Android\Android Studio1\jbr\bin\jli.dll
0x00007fffcd580000 - 0x00007fffcd72e000 	C:\Windows\System32\USER32.dll
0x00007fffcd510000 - 0x00007fffcd536000 	C:\Windows\System32\win32u.dll
0x00007fffcf010000 - 0x00007fffcf039000 	C:\Windows\System32\GDI32.dll
0x00007fffcd290000 - 0x00007fffcd3a9000 	C:\Windows\System32\gdi32full.dll
0x00007fffcd470000 - 0x00007fffcd50a000 	C:\Windows\System32\msvcp_win.dll
0x00007fffc2040000 - 0x00007fffc205b000 	C:\Program Files\Android\Android Studio1\jbr\bin\VCRUNTIME140.dll
0x00007fffb99e0000 - 0x00007fffb9c73000 	C:\Windows\WinSxS\amd64_microsoft.windows.common-controls_6595b64144ccf1df_6.0.22621.3672_none_2713b9d173822955\COMCTL32.dll
0x00007fffce9c0000 - 0x00007fffcea67000 	C:\Windows\System32\msvcrt.dll
0x00007fffcd880000 - 0x00007fffcd8b1000 	C:\Windows\System32\IMM32.DLL
0x00007fffc1fd0000 - 0x00007fffc1fdc000 	C:\Program Files\Android\Android Studio1\jbr\bin\vcruntime140_1.dll
0x00007fff8f140000 - 0x00007fff8f1cd000 	C:\Program Files\Android\Android Studio1\jbr\bin\msvcp140.dll
0x00007fff6b290000 - 0x00007fff6bf13000 	C:\Program Files\Android\Android Studio1\jbr\bin\server\jvm.dll
0x00007fffcee30000 - 0x00007fffceee2000 	C:\Windows\System32\ADVAPI32.dll
0x00007fffcd7c0000 - 0x00007fffcd869000 	C:\Windows\System32\sechost.dll
0x00007fffccd90000 - 0x00007fffccdb8000 	C:\Windows\System32\bcrypt.dll
0x00007fffceef0000 - 0x00007fffcf004000 	C:\Windows\System32\RPCRT4.dll
0x00007fffcc9f0000 - 0x00007fffcca3d000 	C:\Windows\SYSTEM32\POWRPROF.dll
0x00007fffc8d00000 - 0x00007fffc8d34000 	C:\Windows\SYSTEM32\WINMM.dll
0x00007fffc4a90000 - 0x00007fffc4a99000 	C:\Windows\SYSTEM32\WSOCK32.dll
0x00007fffcd730000 - 0x00007fffcd7a1000 	C:\Windows\System32\WS2_32.dll
0x00007fffc3540000 - 0x00007fffc354a000 	C:\Windows\SYSTEM32\VERSION.dll
0x00007fffcc9d0000 - 0x00007fffcc9e3000 	C:\Windows\SYSTEM32\UMPDC.dll
0x00007fffcbb60000 - 0x00007fffcbb78000 	C:\Windows\SYSTEM32\kernel.appcore.dll
0x00007fffc9890000 - 0x00007fffc989a000 	C:\Program Files\Android\Android Studio1\jbr\bin\jimage.dll
0x00007fffc5d70000 - 0x00007fffc5fa2000 	C:\Windows\SYSTEM32\DBGHELP.DLL
0x00007fffce630000 - 0x00007fffce9bd000 	C:\Windows\System32\combase.dll
0x00007fffcdcc0000 - 0x00007fffcdd97000 	C:\Windows\System32\OLEAUT32.dll
0x00007fffaf5a0000 - 0x00007fffaf5d2000 	C:\Windows\SYSTEM32\dbgcore.DLL
0x00007fffccba0000 - 0x00007fffccc1b000 	C:\Windows\System32\bcryptPrimitives.dll
0x00007fffc4aa0000 - 0x00007fffc4ac5000 	C:\Program Files\Android\Android Studio1\jbr\bin\java.dll
0x00007fffc6980000 - 0x00007fffc6998000 	C:\Program Files\Android\Android Studio1\jbr\bin\zip.dll
0x00007fffcddc0000 - 0x00007fffce628000 	C:\Windows\System32\SHELL32.dll
0x00007fffcaa80000 - 0x00007fffcb37e000 	C:\Windows\SYSTEM32\windows.storage.dll
0x00007fffca940000 - 0x00007fffcaa7f000 	C:\Windows\SYSTEM32\wintypes.dll
0x00007fffcf250000 - 0x00007fffcf349000 	C:\Windows\System32\SHCORE.dll
0x00007fffcf1f0000 - 0x00007fffcf24e000 	C:\Windows\System32\shlwapi.dll
0x00007fffcca60000 - 0x00007fffcca81000 	C:\Windows\SYSTEM32\profapi.dll
0x00007fffb6d90000 - 0x00007fffb6da9000 	C:\Program Files\Android\Android Studio1\jbr\bin\net.dll
0x00007fffc85b0000 - 0x00007fffc86e6000 	C:\Windows\SYSTEM32\WINHTTP.dll
0x00007fffcbfd0000 - 0x00007fffcc039000 	C:\Windows\system32\mswsock.dll
0x00007fffb6d70000 - 0x00007fffb6d86000 	C:\Program Files\Android\Android Studio1\jbr\bin\nio.dll
0x00007fffc88e0000 - 0x00007fffc88f0000 	C:\Program Files\Android\Android Studio1\jbr\bin\verify.dll

dbghelp: loaded successfully - version: 4.0.5 - missing functions: none
symbol engine: initialized successfully - sym options: 0x614 - pdb path: .;C:\Program Files\Android\Android Studio1\jbr\bin;C:\Windows\SYSTEM32;C:\Windows\WinSxS\amd64_microsoft.windows.common-controls_6595b64144ccf1df_6.0.22621.3672_none_2713b9d173822955;C:\Program Files\Android\Android Studio1\jbr\bin\server

VM Arguments:
java_command: org.jetbrains.kotlin.cli.jvm.K2JVMCompiler @C:\Users\bijub\AndroidStudioProjects\StudentTrackingApp\app\build\20240824_13843155702960174230.compiler.options
java_class_path (initial): C:\Users\bijub\.gradle\caches\modules-2\files-2.1\org.jetbrains.kotlin\kotlin-compiler-embeddable\1.9.0\2c8c3a7402becca891f12739b3e9fd2dc2adbd7a\kotlin-compiler-embeddable-1.9.0.jar;C:\Users\bijub\.gradle\caches\modules-2\files-2.1\org.jetbrains.kotlin\kotlin-stdlib\1.9.0\8ee15ef0c67dc83d874f412d84378d7f0eb50b63\kotlin-stdlib-1.9.0.jar;C:\Users\bijub\.gradle\caches\modules-2\files-2.1\org.jetbrains.kotlin\kotlin-script-runtime\1.9.0\4b3102cbbb7e1b58d9d1adf89563f00069ffa7d1\kotlin-script-runtime-1.9.0.jar;C:\Users\bijub\.gradle\caches\modules-2\files-2.1\org.jetbrains.kotlin\kotlin-reflect\1.6.10\1cbe9c92c12a94eea200d23c2bbaedaf3daf5132\kotlin-reflect-1.6.10.jar;C:\Users\bijub\.gradle\caches\modules-2\files-2.1\org.jetbrains.kotlin\kotlin-daemon-embeddable\1.9.0\186543f5e28cf8d9a0290fecc2cf34301c40a65c\kotlin-daemon-embeddable-1.9.0.jar;C:\Users\bijub\.gradle\caches\modules-2\files-2.1\org.jetbrains.intellij.deps\trove4j\1.0.20200330\3afb14d5f9ceb459d724e907a21145e8ff394f02\trove4j-1.0.20200330.jar;C:\Users\bijub\.gradle\caches\modules-2\files-2.1\org.jetbrains.kotlin\kotlin-stdlib-common\1.9.0\cd65c21cfd1eec4d44ef09f9f52b6d9f8a720636\kotlin-stdlib-common-1.9.0.jar;C:\Users\bijub\.gradle\caches\modules-2\files-2.1\org.jetbrains\annotations\13.0\919f0dfe192fb4e063e7dacadee7f8bb9a2672a9\annotations-13.0.jar
Launcher Type: SUN_STANDARD

[Global flags]
     intx CICompilerCount                          = 3                                         {product} {ergonomic}
     uint ConcGCThreads                            = 1                                         {product} {ergonomic}
     uint G1ConcRefinementThreads                  = 4                                         {product} {ergonomic}
   size_t G1HeapRegionSize                         = 1048576                                   {product} {ergonomic}
    uintx GCDrainStackTargetSize                   = 64                                        {product} {ergonomic}
   size_t InitialHeapSize                          = 100663296                                 {product} {ergonomic}
   size_t MarkStackSize                            = 4194304                                   {product} {ergonomic}
   size_t MaxHeapSize                              = 1595932672                                {product} {ergonomic}
   size_t MaxNewSize                               = 957349888                                 {product} {ergonomic}
   size_t MinHeapDeltaBytes                        = 1048576                                   {product} {ergonomic}
   size_t MinHeapSize                              = 8388608                                   {product} {ergonomic}
    uintx NonNMethodCodeHeapSize                   = 5832780                                {pd product} {ergonomic}
    uintx NonProfiledCodeHeapSize                  = 122912730                              {pd product} {ergonomic}
    uintx ProfiledCodeHeapSize                     = 122912730                              {pd product} {ergonomic}
    uintx ReservedCodeCacheSize                    = 251658240                              {pd product} {ergonomic}
     bool SegmentedCodeCache                       = true                                      {product} {ergonomic}
   size_t SoftMaxHeapSize                          = 1595932672                             {manageable} {ergonomic}
     bool UseCompressedClassPointers               = true                           {product lp64_product} {ergonomic}
     bool UseCompressedOops                        = true                           {product lp64_product} {ergonomic}
     bool UseG1GC                                  = true                                      {product} {ergonomic}
     bool UseLargePagesIndividualAllocation        = false                                  {pd product} {ergonomic}

Logging:
Log output configuration:
 #0: stdout all=warning uptime,level,tags
 #1: stderr all=off uptime,level,tags

Environment Variables:
JAVA_HOME=C:\Program Files\Java\jdk-20
PATH=C:\Python312\Scripts\;C:\Python312\;C:\Users\bijub\AppData\Local\Android\Sdk\tools;C:\Program Files\nodejs\;C:\ProgramData\chocolatey\bin;C:\Program Files\Git\bin\;C:\Program Files\Git\cmd\;C:\Program Files\Java\jdk-20\bin;C:\Users\bijub\AppData\Roaming\Composer\vendor\bin;C:\Users\bijub\AppData\Local\Programs\Microsoft VS Code\bin;C:\Users\bijub\AppData\Roaming\npm;
USERNAME=bijub
OS=Windows_NT
PROCESSOR_IDENTIFIER=AMD64 Family 23 Model 24 Stepping 1, AuthenticAMD
TMP=C:\Users\bijub\AppData\Local\Temp
TEMP=C:\Users\bijub\AppData\Local\Temp



Periodic native trim disabled

JNI global refs:
JNI global refs: 9, weak refs: 0

JNI global refs memory usage: 843, weak refs: 841

OOME stack traces (most recent first):
Classloader memory used:
Loader jdk.internal.loader.ClassLoaders$AppClassLoader                                 : 5342K
Loader bootstrap                                                                       : 1298K
Loader jdk.internal.reflect.DelegatingClassLoader                                      : 10791B


---------------  S Y S T E M  ---------------

OS:
 Windows 11 , 64 bit Build 22621 (10.0.22621.3958)
OS uptime: 0 days 15:54 hours

CPU: total 4 (initial active 4) (4 cores per cpu, 2 threads per core) family 23 model 24 stepping 1 microcode 0x0, cx8, cmov, fxsr, ht, mmx, 3dnowpref, sse, sse2, sse3, ssse3, sse4a, sse4.1, sse4.2, popcnt, lzcnt, tsc, tscinvbit, avx, avx2, aes, clmul, bmi1, bmi2, adx, sha, fma, vzeroupper, clflush, clflushopt
Processor Information for all 4 processors :
  Max Mhz: 2600, Current Mhz: 2600, Mhz Limit: 2600

Memory: 4k page, system-wide physical 6086M (1211M free)
TotalPageFile size 14278M (AvailPageFile size 32M)
current process WorkingSet (physical memory assigned to process): 215M, peak: 215M
current process commit charge ("private bytes"): 277M, peak: 308M

vm_info: OpenJDK 64-Bit Server VM (17.0.10+0--11572160) for windows-amd64 JRE (17.0.10+0--11572160), built on Mar 13 2024 23:56:38 by "androidbuild" with MS VC++ 16.10 / 16.11 (VS2019)

END.
